Thu Jan 20 18:27:56 2022       
+-----------------------------------------------------------------------------+
| NVIDIA-SMI 495.46       Driver Version: 495.46       CUDA Version: 11.5     |
|-------------------------------+----------------------+----------------------+
| GPU  Name        Persistence-M| Bus-Id        Disp.A | Volatile Uncorr. ECC |
| Fan  Temp  Perf  Pwr:Usage/Cap|         Memory-Usage | GPU-Util  Compute M. |
|                               |                      |               MIG M. |
|===============================+======================+======================|
|   0  Tesla V100-PCIE...  On   | 00000000:58:00.0 Off |                    0 |
| N/A   29C    P0    27W / 250W |      0MiB / 32510MiB |      0%   E. Process |
|                               |                      |                  N/A |
+-------------------------------+----------------------+----------------------+
|   1  Tesla V100-PCIE...  On   | 00000000:D8:00.0 Off |                    0 |
| N/A   27C    P0    25W / 250W |      0MiB / 32510MiB |      0%   E. Process |
|                               |                      |                  N/A |
+-------------------------------+----------------------+----------------------+
                                                                               
+-----------------------------------------------------------------------------+
| Processes:                                                                  |
|  GPU   GI   CI        PID   Type   Process name                  GPU Memory |
|        ID   ID                                                   Usage      |
|=============================================================================|
|  No running processes found                                                 |
+-----------------------------------------------------------------------------+
/appl/cuda/10.2/samples/NVIDIA_CUDA-10.2_Samples/bin/x86_64/linux/release/deviceQuery Starting...

 CUDA Device Query (Runtime API) version (CUDART static linking)

Detected 2 CUDA Capable device(s)

Device 0: "Tesla V100-PCIE-32GB"
  CUDA Driver Version / Runtime Version          11.5 / 10.2
  CUDA Capability Major/Minor version number:    7.0
  Total amount of global memory:                 32510 MBytes (34089730048 bytes)
  (80) Multiprocessors, ( 64) CUDA Cores/MP:     5120 CUDA Cores
  GPU Max Clock rate:                            1380 MHz (1.38 GHz)
  Memory Clock rate:                             877 Mhz
  Memory Bus Width:                              4096-bit
  L2 Cache Size:                                 6291456 bytes
  Maximum Texture Dimension Size (x,y,z)         1D=(131072), 2D=(131072, 65536), 3D=(16384, 16384, 16384)
  Maximum Layered 1D Texture Size, (num) layers  1D=(32768), 2048 layers
  Maximum Layered 2D Texture Size, (num) layers  2D=(32768, 32768), 2048 layers
  Total amount of constant memory:               65536 bytes
  Total amount of shared memory per block:       49152 bytes
  Total number of registers available per block: 65536
  Warp size:                                     32
  Maximum number of threads per multiprocessor:  2048
  Maximum number of threads per block:           1024
  Max dimension size of a thread block (x,y,z): (1024, 1024, 64)
  Max dimension size of a grid size    (x,y,z): (2147483647, 65535, 65535)
  Maximum memory pitch:                          2147483647 bytes
  Texture alignment:                             512 bytes
  Concurrent copy and kernel execution:          Yes with 7 copy engine(s)
  Run time limit on kernels:                     No
  Integrated GPU sharing Host Memory:            No
  Support host page-locked memory mapping:       Yes
  Alignment requirement for Surfaces:            Yes
  Device has ECC support:                        Enabled
  Device supports Unified Addressing (UVA):      Yes
  Device supports Compute Preemption:            Yes
  Supports Cooperative Kernel Launch:            Yes
  Supports MultiDevice Co-op Kernel Launch:      Yes
  Device PCI Domain ID / Bus ID / location ID:   0 / 88 / 0
  Compute Mode:
     < Exclusive Process (many threads in one process is able to use ::cudaSetDevice() with this device) >

Device 1: "Tesla V100-PCIE-32GB"
  CUDA Driver Version / Runtime Version          11.5 / 10.2
  CUDA Capability Major/Minor version number:    7.0
  Total amount of global memory:                 32510 MBytes (34089730048 bytes)
  (80) Multiprocessors, ( 64) CUDA Cores/MP:     5120 CUDA Cores
  GPU Max Clock rate:                            1380 MHz (1.38 GHz)
  Memory Clock rate:                             877 Mhz
  Memory Bus Width:                              4096-bit
  L2 Cache Size:                                 6291456 bytes
  Maximum Texture Dimension Size (x,y,z)         1D=(131072), 2D=(131072, 65536), 3D=(16384, 16384, 16384)
  Maximum Layered 1D Texture Size, (num) layers  1D=(32768), 2048 layers
  Maximum Layered 2D Texture Size, (num) layers  2D=(32768, 32768), 2048 layers
  Total amount of constant memory:               65536 bytes
  Total amount of shared memory per block:       49152 bytes
  Total number of registers available per block: 65536
  Warp size:                                     32
  Maximum number of threads per multiprocessor:  2048
  Maximum number of threads per block:           1024
  Max dimension size of a thread block (x,y,z): (1024, 1024, 64)
  Max dimension size of a grid size    (x,y,z): (2147483647, 65535, 65535)
  Maximum memory pitch:                          2147483647 bytes
  Texture alignment:                             512 bytes
  Concurrent copy and kernel execution:          Yes with 7 copy engine(s)
  Run time limit on kernels:                     No
  Integrated GPU sharing Host Memory:            No
  Support host page-locked memory mapping:       Yes
  Alignment requirement for Surfaces:            Yes
  Device has ECC support:                        Enabled
  Device supports Unified Addressing (UVA):      Yes
  Device supports Compute Preemption:            Yes
  Supports Cooperative Kernel Launch:            Yes
  Supports MultiDevice Co-op Kernel Launch:      Yes
  Device PCI Domain ID / Bus ID / location ID:   0 / 216 / 0
  Compute Mode:
     < Exclusive Process (many threads in one process is able to use ::cudaSetDevice() with this device) >
> Peer access from Tesla V100-PCIE-32GB (GPU0) -> Tesla V100-PCIE-32GB (GPU1) : Yes
> Peer access from Tesla V100-PCIE-32GB (GPU1) -> Tesla V100-PCIE-32GB (GPU0) : Yes

deviceQuery, CUDA Driver = CUDART, CUDA Driver Version = 11.5, CUDA Runtime Version = 10.2, NumDevs = 2
Result = PASS
{'method': 'random',
 'parameters': {'batch_size': {'values': [150, 200, 250]},
                'drop_out': {'values': [0.15, 0.25, 0.35]},
                'lr': {'values': [0.01, 0.001]},
                'optimizer': {'values': ['sgd', 'adam']}}}
Create sweep with ID: qr402qf2
Sweep URL: https://wandb.ai/amazonproject/Amazon-Reviews/sweeps/qr402qf2

signal only works in main thread
Initializing training
Training on cuda
Epoch 1 of 3
Batch 1 of 140
Batch 2 of 140
Loss: 1.3420518636703491 	Accuracy: 1.18%
Batch 3 of 140
Batch 4 of 140
Loss: 2.741510570049286 	Accuracy: 2.3%
Batch 5 of 140
Batch 6 of 140
Loss: 4.050862610340118 	Accuracy: 3.45%
Batch 7 of 140
Batch 8 of 140
Loss: 5.396431267261505 	Accuracy: 4.590000000000001%
Batch 9 of 140
Batch 10 of 140
Loss: 6.857694506645203 	Accuracy: 5.71%
Batch 11 of 140
Batch 12 of 140
Loss: 8.275077164173126 	Accuracy: 6.819999999999999%
Batch 13 of 140
Batch 14 of 140
Loss: 9.733708202838898 	Accuracy: 7.920000000000001%
Batch 15 of 140
Batch 16 of 140
Loss: 11.221600353717804 	Accuracy: 9.01%
Batch 17 of 140
Batch 18 of 140
Loss: 12.663127958774567 	Accuracy: 10.12%
Batch 19 of 140
Batch 20 of 140
Loss: 14.050009846687317 	Accuracy: 11.24%
Batch 21 of 140
Batch 22 of 140
Loss: 15.287276268005371 	Accuracy: 12.41%
Batch 23 of 140
Batch 24 of 140
Loss: 16.617383182048798 	Accuracy: 13.54%
Batch 25 of 140
Batch 26 of 140
Loss: 18.1029514670372 	Accuracy: 14.63%
Batch 27 of 140
Batch 28 of 140
Loss: 19.477428197860718 	Accuracy: 15.75%
Batch 29 of 140
Batch 30 of 140
Loss: 20.876122891902924 	Accuracy: 16.86%
Batch 31 of 140
Batch 32 of 140
Loss: 22.26886147260666 	Accuracy: 17.96%
Batch 33 of 140
Batch 34 of 140
Loss: 23.607324361801147 	Accuracy: 19.1%
Batch 35 of 140
Batch 36 of 140
Loss: 24.95312613248825 	Accuracy: 20.22%
Batch 37 of 140
Batch 38 of 140
Loss: 26.37481701374054 	Accuracy: 21.32%
Batch 39 of 140
Batch 40 of 140
Loss: 27.569712936878204 	Accuracy: 22.5%
Batch 41 of 140
Batch 42 of 140
Loss: 28.816697478294373 	Accuracy: 23.65%
Batch 43 of 140
Batch 44 of 140
Loss: 30.253609776496887 	Accuracy: 24.75%
Batch 45 of 140
Batch 46 of 140
Loss: 31.65021950006485 	Accuracy: 25.86%
Batch 47 of 140
Batch 48 of 140
Loss: 32.9701064825058 	Accuracy: 26.99%
Batch 49 of 140
Batch 50 of 140
Loss: 34.39428722858429 	Accuracy: 28.09%
Batch 51 of 140
Batch 52 of 140
Loss: 35.75686854124069 	Accuracy: 29.21%
Batch 53 of 140
Batch 54 of 140
Loss: 37.18182688951492 	Accuracy: 30.3%
Batch 55 of 140
Batch 56 of 140
Loss: 38.531832575798035 	Accuracy: 31.419999999999998%
Batch 57 of 140
Batch 58 of 140
Loss: 39.93450915813446 	Accuracy: 32.519999999999996%
Batch 59 of 140
Batch 60 of 140
Loss: 41.361092150211334 	Accuracy: 33.61%
Batch 61 of 140
Batch 62 of 140
Loss: 42.81794345378876 	Accuracy: 34.699999999999996%
Batch 63 of 140
Batch 64 of 140
Loss: 44.03434306383133 	Accuracy: 35.86%
Batch 65 of 140
Batch 66 of 140
Loss: 45.268945157527924 	Accuracy: 37.019999999999996%
Batch 67 of 140
Batch 68 of 140
Loss: 46.50709319114685 	Accuracy: 38.17%
Batch 69 of 140
Batch 70 of 140
Loss: 47.73859632015228 	Accuracy: 39.32%
Batch 71 of 140
Batch 72 of 140
Loss: 49.1936274766922 	Accuracy: 40.410000000000004%
Batch 73 of 140
Batch 74 of 140
Loss: 50.532350897789 	Accuracy: 41.53%
Batch 75 of 140
Batch 76 of 140
Loss: 51.8289315700531 	Accuracy: 42.66%
Batch 77 of 140
Batch 78 of 140
Loss: 53.16705995798111 	Accuracy: 43.79%
Batch 79 of 140
Batch 80 of 140
Loss: 54.54013133049011 	Accuracy: 44.89%
Batch 81 of 140
Batch 82 of 140
Loss: 55.81809365749359 	Accuracy: 46.04%
Batch 83 of 140
Batch 84 of 140
Loss: 57.03072118759155 	Accuracy: 47.19%
Batch 85 of 140
Batch 86 of 140
Loss: 58.27401316165924 	Accuracy: 48.339999999999996%
Batch 87 of 140
Batch 88 of 140
Loss: 59.629731476306915 	Accuracy: 49.45%
Batch 89 of 140
Batch 90 of 140
Loss: 60.97125244140625 	Accuracy: 50.56%
Batch 91 of 140
Batch 92 of 140
Loss: 62.186736047267914 	Accuracy: 51.71%
Batch 93 of 140
Batch 94 of 140
Loss: 63.455042243003845 	Accuracy: 52.849999999999994%
Batch 95 of 140
Batch 96 of 140
Loss: 64.5523738861084 	Accuracy: 54.05%
Batch 97 of 140
Batch 98 of 140
Loss: 65.92388045787811 	Accuracy: 55.120000000000005%
Batch 99 of 140
Batch 100 of 140
Loss: 67.3192309141159 	Accuracy: 56.21000000000001%
Batch 101 of 140
Batch 102 of 140
Loss: 68.58959293365479 	Accuracy: 57.34%
Batch 103 of 140
Batch 104 of 140
Loss: 69.91336959600449 	Accuracy: 58.440000000000005%
Batch 105 of 140
Batch 106 of 140
Loss: 71.18765842914581 	Accuracy: 59.57%
Batch 107 of 140
Batch 108 of 140
Loss: 72.3946144580841 	Accuracy: 60.72%
Batch 109 of 140
Batch 110 of 140
Loss: 73.64357697963715 	Accuracy: 61.85000000000001%
Batch 111 of 140
Batch 112 of 140
Loss: 74.93498730659485 	Accuracy: 62.970000000000006%
Batch 113 of 140
Batch 114 of 140
Loss: 76.07665985822678 	Accuracy: 64.13%
Batch 115 of 140
Batch 116 of 140
Loss: 77.29075390100479 	Accuracy: 65.27%
Batch 117 of 140
Batch 118 of 140
Loss: 78.50197327136993 	Accuracy: 66.41%
Batch 119 of 140
Batch 120 of 140
Loss: 79.60044133663177 	Accuracy: 67.58999999999999%
Batch 121 of 140
Batch 122 of 140
Loss: 80.79879659414291 	Accuracy: 68.72%
Batch 123 of 140
Batch 124 of 140
Loss: 81.97888624668121 	Accuracy: 69.87%
Batch 125 of 140
Batch 126 of 140
Loss: 82.99510580301285 	Accuracy: 71.06%
Batch 127 of 140
Batch 128 of 140
Loss: 84.20261871814728 	Accuracy: 72.19%
Batch 129 of 140
Batch 130 of 140
Loss: 85.31837093830109 	Accuracy: 73.35000000000001%
Batch 131 of 140
Batch 132 of 140
Loss: 86.58786582946777 	Accuracy: 74.45%
Batch 133 of 140
Batch 134 of 140
Loss: 87.73697704076767 	Accuracy: 75.59%
Batch 135 of 140
Batch 136 of 140
Loss: 88.96895265579224 	Accuracy: 76.69%
Batch 137 of 140
Batch 138 of 140
Loss: 90.16037333011627 	Accuracy: 77.81%
Batch 139 of 140
Batch 140 of 140
Loss: 91.41129606962204 	Accuracy: 78.9%
Epoch 1 loss: 0.6529378290687289 	Epoch acc: 0.7890162144388477
Epoch 2 of 3
Batch 1 of 140
Batch 2 of 140
Loss: 1.262780785560608 	Accuracy: 1.1199999999999999%
Batch 3 of 140
Batch 4 of 140
Loss: 2.4906861186027527 	Accuracy: 2.21%
Batch 5 of 140
Batch 6 of 140
Loss: 3.5382028818130493 	Accuracy: 3.4000000000000004%
Batch 7 of 140
Batch 8 of 140
Loss: 4.86470228433609 	Accuracy: 4.47%
Batch 9 of 140
Batch 10 of 140
Loss: 5.907988399267197 	Accuracy: 5.63%
Batch 11 of 140
Batch 12 of 140
Loss: 7.10863533616066 	Accuracy: 6.74%
Batch 13 of 140
Batch 14 of 140
Loss: 8.209940761327744 	Accuracy: 7.870000000000001%
Batch 15 of 140
Batch 16 of 140
Loss: 9.240377008914948 	Accuracy: 9.030000000000001%
Batch 17 of 140
Batch 18 of 140
Loss: 10.306157320737839 	Accuracy: 10.190000000000001%
Batch 19 of 140
Batch 20 of 140
Loss: 11.395867615938187 	Accuracy: 11.35%
Batch 21 of 140
Batch 22 of 140
Loss: 12.54378828406334 	Accuracy: 12.47%
Batch 23 of 140
Batch 24 of 140
Loss: 13.681597143411636 	Accuracy: 13.59%
Batch 25 of 140
Batch 26 of 140
Loss: 14.898739963769913 	Accuracy: 14.69%
Batch 27 of 140
Batch 28 of 140
Loss: 16.180851072072983 	Accuracy: 15.770000000000001%
Batch 29 of 140
Batch 30 of 140
Loss: 17.412558048963547 	Accuracy: 16.869999999999997%
Batch 31 of 140
Batch 32 of 140
Loss: 18.47532418370247 	Accuracy: 18.04%
Batch 33 of 140
Batch 34 of 140
Loss: 19.750376790761948 	Accuracy: 19.12%
Batch 35 of 140
Batch 36 of 140
Loss: 20.92077812552452 	Accuracy: 20.25%
Batch 37 of 140
Batch 38 of 140
Loss: 22.091185718774796 	Accuracy: 21.34%
Batch 39 of 140
Batch 40 of 140
Loss: 23.419215708971024 	Accuracy: 22.41%
Batch 41 of 140
Batch 42 of 140
Loss: 24.543465942144394 	Accuracy: 23.56%
Batch 43 of 140
Batch 44 of 140
Loss: 25.598664730787277 	Accuracy: 24.7%
Batch 45 of 140
Batch 46 of 140
Loss: 26.829482704401016 	Accuracy: 25.8%
Batch 47 of 140
Batch 48 of 140
Loss: 27.849042624235153 	Accuracy: 26.99%
Batch 49 of 140
Batch 50 of 140
Loss: 28.922950893640518 	Accuracy: 28.13%
Batch 51 of 140
Batch 52 of 140
Loss: 30.087531238794327 	Accuracy: 29.220000000000002%
Batch 53 of 140
Batch 54 of 140
Loss: 31.276238650083542 	Accuracy: 30.34%
Batch 55 of 140
Batch 56 of 140
Loss: 32.318242371082306 	Accuracy: 31.509999999999998%
Batch 57 of 140
Batch 58 of 140
Loss: 33.313086181879044 	Accuracy: 32.67%
Batch 59 of 140
Batch 60 of 140
Loss: 34.49127838015556 	Accuracy: 33.800000000000004%
Batch 61 of 140
Batch 62 of 140
Loss: 35.591991037130356 	Accuracy: 34.94%
Batch 63 of 140
Batch 64 of 140
Loss: 36.545434296131134 	Accuracy: 36.11%
Batch 65 of 140
Batch 66 of 140
Loss: 37.68700450658798 	Accuracy: 37.24%
Batch 67 of 140
Batch 68 of 140
Loss: 38.836563646793365 	Accuracy: 38.379999999999995%
Batch 69 of 140
Batch 70 of 140
Loss: 39.84076192975044 	Accuracy: 39.56%
Batch 71 of 140
Batch 72 of 140
Loss: 40.8995558321476 	Accuracy: 40.71%
Batch 73 of 140
Batch 74 of 140
Loss: 42.10510018467903 	Accuracy: 41.8%
Batch 75 of 140
Batch 76 of 140
Loss: 43.334653705358505 	Accuracy: 42.89%
Batch 77 of 140
Batch 78 of 140
Loss: 44.62908163666725 	Accuracy: 43.97%
Batch 79 of 140
Batch 80 of 140
Loss: 45.87774899601936 	Accuracy: 45.07%
Batch 81 of 140
Batch 82 of 140
Loss: 46.92071479558945 	Accuracy: 46.22%
Batch 83 of 140
Batch 84 of 140
Loss: 48.185680747032166 	Accuracy: 47.3%
Batch 85 of 140
Batch 86 of 140
Loss: 49.41314888000488 	Accuracy: 48.4%
Batch 87 of 140
Batch 88 of 140
Loss: 50.52424031496048 	Accuracy: 49.54%
Batch 89 of 140
Batch 90 of 140
Loss: 51.66348880529404 	Accuracy: 50.660000000000004%
Batch 91 of 140
Batch 92 of 140
Loss: 52.849164962768555 	Accuracy: 51.76%
Batch 93 of 140
Batch 94 of 140
Loss: 53.93282130360603 	Accuracy: 52.92%
Batch 95 of 140
Batch 96 of 140
Loss: 55.212868958711624 	Accuracy: 53.99%
Batch 97 of 140
Batch 98 of 140
Loss: 56.325745552778244 	Accuracy: 55.11000000000001%
Batch 99 of 140
Batch 100 of 140
Loss: 57.60673609375954 	Accuracy: 56.16%
Batch 101 of 140
Batch 102 of 140
Loss: 58.616461247205734 	Accuracy: 57.36%
Batch 103 of 140
Batch 104 of 140
Loss: 59.673149794340134 	Accuracy: 58.51%
Batch 105 of 140
Batch 106 of 140
Loss: 60.87524554133415 	Accuracy: 59.61%
Batch 107 of 140
Batch 108 of 140
Loss: 61.98357734084129 	Accuracy: 60.75000000000001%
Batch 109 of 140
Batch 110 of 140
Loss: 63.09482714533806 	Accuracy: 61.89%
Batch 111 of 140
Batch 112 of 140
Loss: 64.1403466463089 	Accuracy: 63.06%
Batch 113 of 140
Batch 114 of 140
Loss: 65.16276183724403 	Accuracy: 64.21%
Batch 115 of 140
Batch 116 of 140
Loss: 66.28350302577019 	Accuracy: 65.36%
Batch 117 of 140
Batch 118 of 140
Loss: 67.382911413908 	Accuracy: 66.49000000000001%
Batch 119 of 140
Batch 120 of 140
Loss: 68.36734145879745 	Accuracy: 67.66%
Batch 121 of 140
Batch 122 of 140
Loss: 69.49423223733902 	Accuracy: 68.78999999999999%
Batch 123 of 140
Batch 124 of 140
Loss: 70.5451135635376 	Accuracy: 69.96%
Batch 125 of 140
Batch 126 of 140
Loss: 71.58008408546448 	Accuracy: 71.09%
Batch 127 of 140
Batch 128 of 140
Loss: 72.7204360961914 	Accuracy: 72.22%
Batch 129 of 140
Batch 130 of 140
Loss: 73.68814113736153 	Accuracy: 73.4%
Batch 131 of 140
Batch 132 of 140
Loss: 74.81875523924828 	Accuracy: 74.53999999999999%
Batch 133 of 140
Batch 134 of 140
Loss: 75.76156514883041 	Accuracy: 75.72%
Batch 135 of 140
Batch 136 of 140
Loss: 76.84770983457565 	Accuracy: 76.88000000000001%
Batch 137 of 140
Batch 138 of 140
Loss: 77.85347723960876 	Accuracy: 78.05%
Batch 139 of 140
Batch 140 of 140
Loss: 79.13994461297989 	Accuracy: 79.14%
Epoch 2 loss: 0.5652853186641421 	Epoch acc: 0.7913733563252858
Epoch 3 of 3
Batch 1 of 140
Batch 2 of 140
Loss: 0.9181302189826965 	Accuracy: 1.1900000000000002%
Batch 3 of 140
Batch 4 of 140
Loss: 2.013384699821472 	Accuracy: 2.35%
Batch 5 of 140
Batch 6 of 140
Loss: 3.132895290851593 	Accuracy: 3.5000000000000004%
Batch 7 of 140
Batch 8 of 140
Loss: 4.126273155212402 	Accuracy: 4.67%
Batch 9 of 140
Batch 10 of 140
Loss: 5.160215348005295 	Accuracy: 5.83%
Batch 11 of 140
Batch 12 of 140
Loss: 6.14604389667511 	Accuracy: 7.000000000000001%
Batch 13 of 140
Batch 14 of 140
Loss: 7.233360528945923 	Accuracy: 8.17%
Batch 15 of 140
Batch 16 of 140
Loss: 8.411147773265839 	Accuracy: 9.28%
Batch 17 of 140
Batch 18 of 140
Loss: 9.490946173667908 	Accuracy: 10.41%
Batch 19 of 140
Batch 20 of 140
Loss: 10.529001653194427 	Accuracy: 11.559999999999999%
Batch 21 of 140
Batch 22 of 140
Loss: 11.4710014462471 	Accuracy: 12.75%
Batch 23 of 140
Batch 24 of 140
Loss: 12.593630373477936 	Accuracy: 13.86%
Batch 25 of 140
Batch 26 of 140
Loss: 13.46397078037262 	Accuracy: 15.07%
Batch 27 of 140
Batch 28 of 140
Loss: 14.492540806531906 	Accuracy: 16.23%
Batch 29 of 140
Batch 30 of 140
Loss: 15.577107042074203 	Accuracy: 17.36%
Batch 31 of 140
Batch 32 of 140
Loss: 16.63043385744095 	Accuracy: 18.529999999999998%
Batch 33 of 140
Batch 34 of 140
Loss: 17.75140017271042 	Accuracy: 19.64%
Batch 35 of 140
Batch 36 of 140
Loss: 18.752518355846405 	Accuracy: 20.78%
Batch 37 of 140
Batch 38 of 140
Loss: 19.810222148895264 	Accuracy: 21.92%
Batch 39 of 140
Batch 40 of 140
Loss: 20.911812126636505 	Accuracy: 23.07%
Batch 41 of 140
Batch 42 of 140
Loss: 21.854270964860916 	Accuracy: 24.25%
Batch 43 of 140
Batch 44 of 140
Loss: 22.88539081811905 	Accuracy: 25.44%
Batch 45 of 140
Batch 46 of 140
Loss: 23.91732507944107 	Accuracy: 26.590000000000003%
Batch 47 of 140
Batch 48 of 140
Loss: 25.01620614528656 	Accuracy: 27.71%
Batch 49 of 140
Batch 50 of 140
Loss: 26.11200898885727 	Accuracy: 28.83%
Batch 51 of 140
Batch 52 of 140
Loss: 27.205704748630524 	Accuracy: 29.95%
Batch 53 of 140
Batch 54 of 140
Loss: 28.17085763812065 	Accuracy: 31.15%
Batch 55 of 140
Batch 56 of 140
Loss: 29.317937701940536 	Accuracy: 32.26%
Batch 57 of 140
Batch 58 of 140
Loss: 30.306260138750076 	Accuracy: 33.45%
Batch 59 of 140
Batch 60 of 140
Loss: 31.450136840343475 	Accuracy: 34.56%
Batch 61 of 140
Batch 62 of 140
Loss: 32.64120417833328 	Accuracy: 35.63%
Batch 63 of 140
Batch 64 of 140
Loss: 33.68447008728981 	Accuracy: 36.79%
Batch 65 of 140
Batch 66 of 140
Loss: 34.70440459251404 	Accuracy: 37.95%
Batch 67 of 140
Batch 68 of 140
Loss: 35.714319348335266 	Accuracy: 39.1%
Batch 69 of 140
Batch 70 of 140
Loss: 36.87416958808899 	Accuracy: 40.22%
Batch 71 of 140
Batch 72 of 140
Loss: 37.83896520733833 	Accuracy: 41.410000000000004%
Batch 73 of 140
Batch 74 of 140
Loss: 38.91051980853081 	Accuracy: 42.57%
Batch 75 of 140
Batch 76 of 140
Loss: 39.83927854895592 	Accuracy: 43.75%
Batch 77 of 140
Batch 78 of 140
Loss: 40.93070438504219 	Accuracy: 44.9%
Batch 79 of 140
Batch 80 of 140
Loss: 41.95335614681244 	Accuracy: 46.06%
Batch 81 of 140
Batch 82 of 140
Loss: 42.98634022474289 	Accuracy: 47.21%
Batch 83 of 140
Batch 84 of 140
Loss: 44.10153919458389 	Accuracy: 48.339999999999996%
Batch 85 of 140
Batch 86 of 140
Loss: 45.297455072402954 	Accuracy: 49.419999999999995%
Batch 87 of 140
Batch 88 of 140
Loss: 46.3410786986351 	Accuracy: 50.57000000000001%
Batch 89 of 140
Batch 90 of 140
Loss: 47.212841898202896 	Accuracy: 51.77%
Batch 91 of 140
Batch 92 of 140
Loss: 48.32237884402275 	Accuracy: 52.900000000000006%
Batch 93 of 140
Batch 94 of 140
Loss: 49.261171996593475 	Accuracy: 54.09%
Batch 95 of 140
Batch 96 of 140
Loss: 50.27873268723488 	Accuracy: 55.26%
Batch 97 of 140
Batch 98 of 140
Loss: 51.42619249224663 	Accuracy: 56.39999999999999%
Batch 99 of 140
Batch 100 of 140
Loss: 52.493376433849335 	Accuracy: 57.54%
Batch 101 of 140
Batch 102 of 140
Loss: 53.40847197175026 	Accuracy: 58.75%
Batch 103 of 140
Batch 104 of 140
Loss: 54.521397799253464 	Accuracy: 59.88%
Batch 105 of 140
Batch 106 of 140
Loss: 55.49584564566612 	Accuracy: 61.040000000000006%
Batch 107 of 140
Batch 108 of 140
Loss: 56.55831325054169 	Accuracy: 62.18%
Batch 109 of 140
Batch 110 of 140
Loss: 57.578688472509384 	Accuracy: 63.339999999999996%
Batch 111 of 140
Batch 112 of 140
Loss: 58.71532538533211 	Accuracy: 64.45%
Batch 113 of 140
Batch 114 of 140
Loss: 59.89612051844597 	Accuracy: 65.56%
Batch 115 of 140
Batch 116 of 140
Loss: 60.92715281248093 	Accuracy: 66.71000000000001%
Batch 117 of 140
Batch 118 of 140
Loss: 61.971639692783356 	Accuracy: 67.86%
Batch 119 of 140
Batch 120 of 140
Loss: 62.9920252263546 	Accuracy: 69.01%
Batch 121 of 140
Batch 122 of 140
Loss: 64.16057792305946 	Accuracy: 70.1%
Batch 123 of 140
Batch 124 of 140
Loss: 65.31144341826439 	Accuracy: 71.19%
Batch 125 of 140
Batch 126 of 140
Loss: 66.45268687605858 	Accuracy: 72.31%
Batch 127 of 140
Batch 128 of 140
Loss: 67.48961320519447 	Accuracy: 73.46000000000001%
Batch 129 of 140
Batch 130 of 140
Loss: 68.50971058011055 	Accuracy: 74.64%
Batch 131 of 140
Batch 132 of 140
Loss: 69.44996535778046 	Accuracy: 75.82%
Batch 133 of 140
Batch 134 of 140
Loss: 70.43229669332504 	Accuracy: 76.97%
Batch 135 of 140
Batch 136 of 140
Loss: 71.55853754281998 	Accuracy: 78.09%
Batch 137 of 140
Batch 138 of 140
Loss: 72.71198272705078 	Accuracy: 79.2%
Batch 139 of 140
Batch 140 of 140
Loss: 73.78380674123764 	Accuracy: 80.36%
Epoch 3 loss: 0.5270271910088403 	Epoch acc: 0.8035941370895936


signal only works in main thread
Initializing training
Training on cuda
Epoch 1 of 3
Batch 1 of 112
Batch 2 of 112
Loss: 1.9825392365455627 	Accuracy: 0.91%
Batch 3 of 112
Batch 4 of 112
Loss: 3.836027204990387 	Accuracy: 2.37%
Batch 5 of 112
Batch 6 of 112
Loss: 5.412958443164825 	Accuracy: 3.66%
Batch 7 of 112
Batch 8 of 112
Loss: 6.749942302703857 	Accuracy: 5.11%
Batch 9 of 112
Batch 10 of 112
Loss: 8.293564260005951 	Accuracy: 6.510000000000001%
Batch 11 of 112
Batch 12 of 112
Loss: 9.826964974403381 	Accuracy: 7.88%
Batch 13 of 112
Batch 14 of 112
Loss: 11.220523834228516 	Accuracy: 9.29%
Batch 15 of 112
Batch 16 of 112
Loss: 12.680499732494354 	Accuracy: 10.72%
Batch 17 of 112
Batch 18 of 112
Loss: 14.103175163269043 	Accuracy: 12.13%
Batch 19 of 112
Batch 20 of 112
Loss: 15.649821937084198 	Accuracy: 13.459999999999999%
Batch 21 of 112
Batch 22 of 112
Loss: 16.936327755451202 	Accuracy: 14.879999999999999%
Batch 23 of 112
Batch 24 of 112
Loss: 18.20279461145401 	Accuracy: 16.32%
Batch 25 of 112
Batch 26 of 112
Loss: 19.55693382024765 	Accuracy: 17.73%
Batch 27 of 112
Batch 28 of 112
Loss: 20.77925157546997 	Accuracy: 19.2%
Batch 29 of 112
Batch 30 of 112
Loss: 22.168639540672302 	Accuracy: 20.59%
Batch 31 of 112
Batch 32 of 112
Loss: 23.516843855381012 	Accuracy: 22.0%
Batch 33 of 112
Batch 34 of 112
Loss: 24.94087141752243 	Accuracy: 23.380000000000003%
Batch 35 of 112
Batch 36 of 112
Loss: 26.215055644512177 	Accuracy: 24.81%
Batch 37 of 112
Batch 38 of 112
Loss: 27.468064427375793 	Accuracy: 26.25%
Batch 39 of 112
Batch 40 of 112
Loss: 28.78213608264923 	Accuracy: 27.66%
Batch 41 of 112
Batch 42 of 112
Loss: 30.16704261302948 	Accuracy: 29.04%
Batch 43 of 112
Batch 44 of 112
Loss: 31.424754321575165 	Accuracy: 30.48%
Batch 45 of 112
Batch 46 of 112
Loss: 32.688321113586426 	Accuracy: 31.900000000000002%
Batch 47 of 112
Batch 48 of 112
Loss: 33.99200260639191 	Accuracy: 33.269999999999996%
Batch 49 of 112
Batch 50 of 112
Loss: 35.140192091464996 	Accuracy: 34.74%
Batch 51 of 112
Batch 52 of 112
Loss: 36.367796897888184 	Accuracy: 36.14%
Batch 53 of 112
Batch 54 of 112
Loss: 37.7008398771286 	Accuracy: 37.5%
Batch 55 of 112
Batch 56 of 112
Loss: 38.89700698852539 	Accuracy: 38.91%
Batch 57 of 112
Batch 58 of 112
Loss: 40.049794018268585 	Accuracy: 40.35%
Batch 59 of 112
Batch 60 of 112
Loss: 41.230911910533905 	Accuracy: 41.760000000000005%
Batch 61 of 112
Batch 62 of 112
Loss: 42.3619829416275 	Accuracy: 43.18%
Batch 63 of 112
Batch 64 of 112
Loss: 43.50800794363022 	Accuracy: 44.57%
Batch 65 of 112
Batch 66 of 112
Loss: 44.57670724391937 	Accuracy: 46.0%
Batch 67 of 112
Batch 68 of 112
Loss: 45.758788108825684 	Accuracy: 47.410000000000004%
Batch 69 of 112
Batch 70 of 112
Loss: 46.76772266626358 	Accuracy: 48.86%
Batch 71 of 112
Batch 72 of 112
Loss: 47.80749425292015 	Accuracy: 50.339999999999996%
Batch 73 of 112
Batch 74 of 112
Loss: 48.950286000967026 	Accuracy: 51.76%
Batch 75 of 112
Batch 76 of 112
Loss: 50.05471906065941 	Accuracy: 53.2%
Batch 77 of 112
Batch 78 of 112
Loss: 51.10632160305977 	Accuracy: 54.620000000000005%
Batch 79 of 112
Batch 80 of 112
Loss: 52.210573464632034 	Accuracy: 56.05%
Batch 81 of 112
Batch 82 of 112
Loss: 53.2527881860733 	Accuracy: 57.48%
Batch 83 of 112
Batch 84 of 112
Loss: 54.36789119243622 	Accuracy: 58.93000000000001%
Batch 85 of 112
Batch 86 of 112
Loss: 55.52543085813522 	Accuracy: 60.35%
Batch 87 of 112
Batch 88 of 112
Loss: 56.74688005447388 	Accuracy: 61.73%
Batch 89 of 112
Batch 90 of 112
Loss: 57.85963028669357 	Accuracy: 63.17%
Batch 91 of 112
Batch 92 of 112
Loss: 59.04039126634598 	Accuracy: 64.55%
Batch 93 of 112
Batch 94 of 112
Loss: 60.113858580589294 	Accuracy: 65.98%
Batch 95 of 112
Batch 96 of 112
Loss: 61.18303495645523 	Accuracy: 67.43%
Batch 97 of 112
Batch 98 of 112
Loss: 62.472372472286224 	Accuracy: 68.75%
Batch 99 of 112
Batch 100 of 112
Loss: 63.51506781578064 	Accuracy: 70.19%
Batch 101 of 112
Batch 102 of 112
Loss: 64.65321356058121 	Accuracy: 71.61%
Batch 103 of 112
Batch 104 of 112
Loss: 65.73970055580139 	Accuracy: 73.03%
Batch 105 of 112
Batch 106 of 112
Loss: 67.04109984636307 	Accuracy: 74.37%
Batch 107 of 112
Batch 108 of 112
Loss: 68.09551334381104 	Accuracy: 75.81%
Batch 109 of 112
Batch 110 of 112
Loss: 69.31882762908936 	Accuracy: 77.19%
Batch 111 of 112
Batch 112 of 112
Loss: 70.41880255937576 	Accuracy: 78.64%
Epoch 1 loss: 0.628739308565855 	Epoch acc: 0.7863852960456698
Epoch 2 of 3
Batch 1 of 112
Batch 2 of 112
Loss: 0.9672976434230804 	Accuracy: 1.48%
Batch 3 of 112
Batch 4 of 112
Loss: 2.0316847264766693 	Accuracy: 2.88%
Batch 5 of 112
Batch 6 of 112
Loss: 3.063995361328125 	Accuracy: 4.31%
Batch 7 of 112
Batch 8 of 112
Loss: 4.128209292888641 	Accuracy: 5.7299999999999995%
Batch 9 of 112
Batch 10 of 112
Loss: 5.011000275611877 	Accuracy: 7.23%
Batch 11 of 112
Batch 12 of 112
Loss: 6.142605483531952 	Accuracy: 8.649999999999999%
Batch 13 of 112
Batch 14 of 112
Loss: 7.158740282058716 	Accuracy: 10.11%
Batch 15 of 112
Batch 16 of 112
Loss: 7.9839048981666565 	Accuracy: 11.65%
Batch 17 of 112
Batch 18 of 112
Loss: 9.14863920211792 	Accuracy: 13.089999999999998%
Batch 19 of 112
Batch 20 of 112
Loss: 10.379425942897797 	Accuracy: 14.469999999999999%
Batch 21 of 112
Batch 22 of 112
Loss: 11.468179553747177 	Accuracy: 15.920000000000002%
Batch 23 of 112
Batch 24 of 112
Loss: 12.709266692399979 	Accuracy: 17.349999999999998%
Batch 25 of 112
Batch 26 of 112
Loss: 13.714892148971558 	Accuracy: 18.83%
Batch 27 of 112
Batch 28 of 112
Loss: 14.861402034759521 	Accuracy: 20.21%
Batch 29 of 112
Batch 30 of 112
Loss: 15.969481348991394 	Accuracy: 21.64%
Batch 31 of 112
Batch 32 of 112
Loss: 17.133268773555756 	Accuracy: 23.0%
Batch 33 of 112
Batch 34 of 112
Loss: 18.10968914628029 	Accuracy: 24.47%
Batch 35 of 112
Batch 36 of 112
Loss: 19.153597682714462 	Accuracy: 25.88%
Batch 37 of 112
Batch 38 of 112
Loss: 20.100772976875305 	Accuracy: 27.36%
Batch 39 of 112
Batch 40 of 112
Loss: 21.184447050094604 	Accuracy: 28.78%
Batch 41 of 112
Batch 42 of 112
Loss: 22.217149525880814 	Accuracy: 30.220000000000002%
Batch 43 of 112
Batch 44 of 112
Loss: 23.26163312792778 	Accuracy: 31.64%
Batch 45 of 112
Batch 46 of 112
Loss: 24.279524475336075 	Accuracy: 33.050000000000004%
Batch 47 of 112
Batch 48 of 112
Loss: 25.42676755785942 	Accuracy: 34.44%
Batch 49 of 112
Batch 50 of 112
Loss: 26.53310689330101 	Accuracy: 35.839999999999996%
Batch 51 of 112
Batch 52 of 112
Loss: 27.60686993598938 	Accuracy: 37.26%
Batch 53 of 112
Batch 54 of 112
Loss: 28.59772676229477 	Accuracy: 38.74%
Batch 55 of 112
Batch 56 of 112
Loss: 29.71606206893921 	Accuracy: 40.14%
Batch 57 of 112
Batch 58 of 112
Loss: 30.668749421834946 	Accuracy: 41.63%
Batch 59 of 112
Batch 60 of 112
Loss: 31.557388365268707 	Accuracy: 43.15%
Batch 61 of 112
Batch 62 of 112
Loss: 32.569908797740936 	Accuracy: 44.57%
Batch 63 of 112
Batch 64 of 112
Loss: 33.726653933525085 	Accuracy: 45.97%
Batch 65 of 112
Batch 66 of 112
Loss: 34.67531031370163 	Accuracy: 47.43%
Batch 67 of 112
Batch 68 of 112
Loss: 35.5116448700428 	Accuracy: 48.96%
Batch 69 of 112
Batch 70 of 112
Loss: 36.52100491523743 	Accuracy: 50.39%
Batch 71 of 112
Batch 72 of 112
Loss: 37.49813809990883 	Accuracy: 51.85999999999999%
Batch 73 of 112
Batch 74 of 112
Loss: 38.533273011446 	Accuracy: 53.300000000000004%
Batch 75 of 112
Batch 76 of 112
Loss: 39.54761078953743 	Accuracy: 54.75%
Batch 77 of 112
Batch 78 of 112
Loss: 40.557979226112366 	Accuracy: 56.19%
Batch 79 of 112
Batch 80 of 112
Loss: 41.51351219415665 	Accuracy: 57.65%
Batch 81 of 112
Batch 82 of 112
Loss: 42.50541317462921 	Accuracy: 59.099999999999994%
Batch 83 of 112
Batch 84 of 112
Loss: 43.65009677410126 	Accuracy: 60.5%
Batch 85 of 112
Batch 86 of 112
Loss: 44.548713743686676 	Accuracy: 62.01%
Batch 87 of 112
Batch 88 of 112
Loss: 45.54460111260414 	Accuracy: 63.44%
Batch 89 of 112
Batch 90 of 112
Loss: 46.522606283426285 	Accuracy: 64.86%
Batch 91 of 112
Batch 92 of 112
Loss: 47.46563598513603 	Accuracy: 66.33%
Batch 93 of 112
Batch 94 of 112
Loss: 48.511973172426224 	Accuracy: 67.78%
Batch 95 of 112
Batch 96 of 112
Loss: 49.52328819036484 	Accuracy: 69.21000000000001%
Batch 97 of 112
Batch 98 of 112
Loss: 50.64605224132538 	Accuracy: 70.62%
Batch 99 of 112
Batch 100 of 112
Loss: 51.68567192554474 	Accuracy: 72.06%
Batch 101 of 112
Batch 102 of 112
Loss: 52.73274827003479 	Accuracy: 73.50999999999999%
Batch 103 of 112
Batch 104 of 112
Loss: 53.70235252380371 	Accuracy: 74.96000000000001%
Batch 105 of 112
Batch 106 of 112
Loss: 54.86279547214508 	Accuracy: 76.37%
Batch 107 of 112
Batch 108 of 112
Loss: 55.845778077840805 	Accuracy: 77.85%
Batch 109 of 112
Batch 110 of 112
Loss: 56.859352737665176 	Accuracy: 79.29%
Batch 111 of 112
Batch 112 of 112
Loss: 57.75873211026192 	Accuracy: 80.78%
Epoch 2 loss: 0.5157029652701957 	Epoch acc: 0.8078480639628003
Epoch 3 of 3
Batch 1 of 112
Batch 2 of 112
Loss: 1.0057067275047302 	Accuracy: 1.48%
Batch 3 of 112
Batch 4 of 112
Loss: 1.926638662815094 	Accuracy: 2.94%
Batch 5 of 112
Batch 6 of 112
Loss: 2.8385086953639984 	Accuracy: 4.42%
Batch 7 of 112
Batch 8 of 112
Loss: 3.684760332107544 	Accuracy: 5.94%
Batch 9 of 112
Batch 10 of 112
Loss: 4.617554605007172 	Accuracy: 7.39%
Batch 11 of 112
Batch 12 of 112
Loss: 5.628659129142761 	Accuracy: 8.83%
Batch 13 of 112
Batch 14 of 112
Loss: 6.5825046598911285 	Accuracy: 10.290000000000001%
Batch 15 of 112
Batch 16 of 112
Loss: 7.520741820335388 	Accuracy: 11.77%
Batch 17 of 112
Batch 18 of 112
Loss: 8.527634501457214 	Accuracy: 13.200000000000001%
Batch 19 of 112
Batch 20 of 112
Loss: 9.37223294377327 	Accuracy: 14.7%
Batch 21 of 112
Batch 22 of 112
Loss: 10.225716948509216 	Accuracy: 16.18%
Batch 23 of 112
Batch 24 of 112
Loss: 11.220825761556625 	Accuracy: 17.66%
Batch 25 of 112
Batch 26 of 112
Loss: 12.03900322318077 	Accuracy: 19.18%
Batch 27 of 112
Batch 28 of 112
Loss: 12.940925061702728 	Accuracy: 20.66%
Batch 29 of 112
Batch 30 of 112
Loss: 13.792167991399765 	Accuracy: 22.16%
Batch 31 of 112
Batch 32 of 112
Loss: 14.709557622671127 	Accuracy: 23.65%
Batch 33 of 112
Batch 34 of 112
Loss: 15.663992613554 	Accuracy: 25.1%
Batch 35 of 112
Batch 36 of 112
Loss: 16.495975524187088 	Accuracy: 26.6%
Batch 37 of 112
Batch 38 of 112
Loss: 17.485195964574814 	Accuracy: 28.04%
Batch 39 of 112
Batch 40 of 112
Loss: 18.383266866207123 	Accuracy: 29.509999999999998%
Batch 41 of 112
Batch 42 of 112
Loss: 19.446310937404633 	Accuracy: 30.95%
Batch 43 of 112
Batch 44 of 112
Loss: 20.40951132774353 	Accuracy: 32.43%
Batch 45 of 112
Batch 46 of 112
Loss: 21.227841407060623 	Accuracy: 33.95%
Batch 47 of 112
Batch 48 of 112
Loss: 22.19835790991783 	Accuracy: 35.410000000000004%
Batch 49 of 112
Batch 50 of 112
Loss: 23.23147803544998 	Accuracy: 36.84%
Batch 51 of 112
Batch 52 of 112
Loss: 24.169817596673965 	Accuracy: 38.31%
Batch 53 of 112
Batch 54 of 112
Loss: 25.216911017894745 	Accuracy: 39.75%
Batch 55 of 112
Batch 56 of 112
Loss: 26.20881325006485 	Accuracy: 41.199999999999996%
Batch 57 of 112
Batch 58 of 112
Loss: 27.149243414402008 	Accuracy: 42.66%
Batch 59 of 112
Batch 60 of 112
Loss: 28.012784391641617 	Accuracy: 44.17%
Batch 61 of 112
Batch 62 of 112
Loss: 29.037517458200455 	Accuracy: 45.61%
Batch 63 of 112
Batch 64 of 112
Loss: 29.89487835764885 	Accuracy: 47.089999999999996%
Batch 65 of 112
Batch 66 of 112
Loss: 30.901938766241074 	Accuracy: 48.52%
Batch 67 of 112
Batch 68 of 112
Loss: 31.83156594634056 	Accuracy: 49.96%
Batch 69 of 112
Batch 70 of 112
Loss: 32.761724799871445 	Accuracy: 51.4%
Batch 71 of 112
Batch 72 of 112
Loss: 33.61941808462143 	Accuracy: 52.900000000000006%
Batch 73 of 112
Batch 74 of 112
Loss: 34.56035819649696 	Accuracy: 54.35%
Batch 75 of 112
Batch 76 of 112
Loss: 35.57044216990471 	Accuracy: 55.800000000000004%
Batch 77 of 112
Batch 78 of 112
Loss: 36.317213505506516 	Accuracy: 57.34%
Batch 79 of 112
Batch 80 of 112
Loss: 37.2255657017231 	Accuracy: 58.81999999999999%
Batch 81 of 112
Batch 82 of 112
Loss: 38.103729605674744 	Accuracy: 60.3%
Batch 83 of 112
Batch 84 of 112
Loss: 39.029203951358795 	Accuracy: 61.760000000000005%
Batch 85 of 112
Batch 86 of 112
Loss: 40.02142095565796 	Accuracy: 63.21%
Batch 87 of 112
Batch 88 of 112
Loss: 40.86892729997635 	Accuracy: 64.69%
Batch 89 of 112
Batch 90 of 112
Loss: 41.89807468652725 	Accuracy: 66.14%
Batch 91 of 112
Batch 92 of 112
Loss: 42.816555827856064 	Accuracy: 67.60000000000001%
Batch 93 of 112
Batch 94 of 112
Loss: 43.76427015662193 	Accuracy: 69.08%
Batch 95 of 112
Batch 96 of 112
Loss: 44.63628414273262 	Accuracy: 70.57%
Batch 97 of 112
Batch 98 of 112
Loss: 45.59138810634613 	Accuracy: 72.05%
Batch 99 of 112
Batch 100 of 112
Loss: 46.47263041138649 	Accuracy: 73.55000000000001%
Batch 101 of 112
Batch 102 of 112
Loss: 47.33355128765106 	Accuracy: 75.03%
Batch 103 of 112
Batch 104 of 112
Loss: 48.203043550252914 	Accuracy: 76.51%
Batch 105 of 112
Batch 106 of 112
Loss: 49.06638544797897 	Accuracy: 78.02%
Batch 107 of 112
Batch 108 of 112
Loss: 49.85995239019394 	Accuracy: 79.51%
Batch 109 of 112
Batch 110 of 112
Loss: 50.76478710770607 	Accuracy: 80.97999999999999%
Batch 111 of 112
Batch 112 of 112
Loss: 51.727135211229324 	Accuracy: 82.42%
Epoch 3 loss: 0.46184942152883324 	Epoch acc: 0.8241717703640459


signal only works in main thread
Initializing training
Training on cuda
Epoch 1 of 3
Batch 1 of 112
Batch 2 of 112
Loss: 1.9063599109649658 	Accuracy: 0.97%
Batch 3 of 112
Batch 4 of 112
Loss: 4.136489748954773 	Accuracy: 2.35%
Batch 5 of 112
Batch 6 of 112
Loss: 6.084662556648254 	Accuracy: 3.35%
Batch 7 of 112
Batch 8 of 112
Loss: 8.261166512966156 	Accuracy: 4.5%
Batch 9 of 112
Batch 10 of 112
Loss: 10.180418729782104 	Accuracy: 5.93%
Batch 11 of 112
Batch 12 of 112
Loss: 12.034831464290619 	Accuracy: 6.88%
Batch 13 of 112
Batch 14 of 112
Loss: 13.733509421348572 	Accuracy: 8.3%
Batch 15 of 112
Batch 16 of 112
Loss: 15.888065695762634 	Accuracy: 9.31%
Batch 17 of 112
Batch 18 of 112
Loss: 17.481434166431427 	Accuracy: 10.7%
Batch 19 of 112
Batch 20 of 112
Loss: 19.32225525379181 	Accuracy: 12.11%
Batch 21 of 112
Batch 22 of 112
Loss: 21.043435871601105 	Accuracy: 13.51%
Batch 23 of 112
Batch 24 of 112
Loss: 22.753698647022247 	Accuracy: 14.64%
Batch 25 of 112
Batch 26 of 112
Loss: 24.360027551651 	Accuracy: 16.08%
Batch 27 of 112
Batch 28 of 112
Loss: 25.859012365341187 	Accuracy: 17.49%
Batch 29 of 112
Batch 30 of 112
Loss: 27.441423416137695 	Accuracy: 18.790000000000003%
Batch 31 of 112
Batch 32 of 112
Loss: 28.98591423034668 	Accuracy: 20.200000000000003%
Batch 33 of 112
Batch 34 of 112
Loss: 30.55001336336136 	Accuracy: 21.57%
Batch 35 of 112
Batch 36 of 112
Loss: 32.03393977880478 	Accuracy: 22.93%
Batch 37 of 112
Batch 38 of 112
Loss: 33.49519431591034 	Accuracy: 24.38%
Batch 39 of 112
Batch 40 of 112
Loss: 34.900560438632965 	Accuracy: 25.81%
Batch 41 of 112
Batch 42 of 112
Loss: 36.25211971998215 	Accuracy: 27.26%
Batch 43 of 112
Batch 44 of 112
Loss: 37.83668494224548 	Accuracy: 28.65%
Batch 45 of 112
Batch 46 of 112
Loss: 39.19601136445999 	Accuracy: 30.09%
Batch 47 of 112
Batch 48 of 112
Loss: 40.62151950597763 	Accuracy: 31.47%
Batch 49 of 112
Batch 50 of 112
Loss: 41.951122403144836 	Accuracy: 32.9%
Batch 51 of 112
Batch 52 of 112
Loss: 43.32567244768143 	Accuracy: 34.33%
Batch 53 of 112
Batch 54 of 112
Loss: 44.571473121643066 	Accuracy: 35.78%
Batch 55 of 112
Batch 56 of 112
Loss: 45.96487081050873 	Accuracy: 37.169999999999995%
Batch 57 of 112
Batch 58 of 112
Loss: 47.32216066122055 	Accuracy: 38.59%
Batch 59 of 112
Batch 60 of 112
Loss: 48.607057332992554 	Accuracy: 40.04%
Batch 61 of 112
Batch 62 of 112
Loss: 49.93370866775513 	Accuracy: 41.46%
Batch 63 of 112
Batch 64 of 112
Loss: 51.17709267139435 	Accuracy: 42.92%
Batch 65 of 112
Batch 66 of 112
Loss: 52.43749803304672 	Accuracy: 44.36%
Batch 67 of 112
Batch 68 of 112
Loss: 53.67115390300751 	Accuracy: 45.82%
Batch 69 of 112
Batch 70 of 112
Loss: 54.97981655597687 	Accuracy: 47.25%
Batch 71 of 112
Batch 72 of 112
Loss: 56.3655691742897 	Accuracy: 48.66%
Batch 73 of 112
Batch 74 of 112
Loss: 57.667152881622314 	Accuracy: 50.1%
Batch 75 of 112
Batch 76 of 112
Loss: 59.18326145410538 	Accuracy: 51.44%
Batch 77 of 112
Batch 78 of 112
Loss: 60.55016481876373 	Accuracy: 52.88%
Batch 79 of 112
Batch 80 of 112
Loss: 62.00948005914688 	Accuracy: 54.269999999999996%
Batch 81 of 112
Batch 82 of 112
Loss: 63.326837718486786 	Accuracy: 55.7%
Batch 83 of 112
Batch 84 of 112
Loss: 64.70993024110794 	Accuracy: 57.099999999999994%
Batch 85 of 112
Batch 86 of 112
Loss: 66.09282273054123 	Accuracy: 58.48%
Batch 87 of 112
Batch 88 of 112
Loss: 67.41327065229416 	Accuracy: 59.89%
Batch 89 of 112
Batch 90 of 112
Loss: 68.70996594429016 	Accuracy: 61.33%
Batch 91 of 112
Batch 92 of 112
Loss: 70.08123189210892 	Accuracy: 62.739999999999995%
Batch 93 of 112
Batch 94 of 112
Loss: 71.44714325666428 	Accuracy: 64.13%
Batch 95 of 112
Batch 96 of 112
Loss: 72.84794741868973 	Accuracy: 65.53%
Batch 97 of 112
Batch 98 of 112
Loss: 74.16254442930222 	Accuracy: 66.95%
Batch 99 of 112
Batch 100 of 112
Loss: 75.52973926067352 	Accuracy: 68.35%
Batch 101 of 112
Batch 102 of 112
Loss: 76.74594569206238 	Accuracy: 69.78999999999999%
Batch 103 of 112
Batch 104 of 112
Loss: 78.19534558057785 	Accuracy: 71.15%
Batch 105 of 112
Batch 106 of 112
Loss: 79.60327833890915 	Accuracy: 72.53%
Batch 107 of 112
Batch 108 of 112
Loss: 81.04536318778992 	Accuracy: 73.88%
Batch 109 of 112
Batch 110 of 112
Loss: 82.42590183019638 	Accuracy: 75.27000000000001%
Batch 111 of 112
Batch 112 of 112
Loss: 83.94276255369186 	Accuracy: 76.58%
Epoch 1 loss: 0.7494889513722488 	Epoch acc: 0.7658283037266571
Epoch 2 of 3
Batch 1 of 112
Batch 2 of 112
Loss: 1.4676891565322876 	Accuracy: 1.3%
Batch 3 of 112
Batch 4 of 112
Loss: 2.8608996272087097 	Accuracy: 2.71%
Batch 5 of 112
Batch 6 of 112
Loss: 4.293524265289307 	Accuracy: 4.05%
Batch 7 of 112
Batch 8 of 112
Loss: 5.734871804714203 	Accuracy: 5.41%
Batch 9 of 112
Batch 10 of 112
Loss: 7.099230945110321 	Accuracy: 6.800000000000001%
Batch 11 of 112
Batch 12 of 112
Loss: 8.432227671146393 	Accuracy: 8.19%
Batch 13 of 112
Batch 14 of 112
Loss: 9.802001059055328 	Accuracy: 9.56%
Batch 15 of 112
Batch 16 of 112
Loss: 11.211076080799103 	Accuracy: 10.93%
Batch 17 of 112
Batch 18 of 112
Loss: 12.571093618869781 	Accuracy: 12.29%
Batch 19 of 112
Batch 20 of 112
Loss: 13.99720960855484 	Accuracy: 13.600000000000001%
Batch 21 of 112
Batch 22 of 112
Loss: 15.17926400899887 	Accuracy: 15.040000000000001%
Batch 23 of 112
Batch 24 of 112
Loss: 16.458897709846497 	Accuracy: 16.45%
Batch 25 of 112
Batch 26 of 112
Loss: 17.6740739941597 	Accuracy: 17.88%
Batch 27 of 112
Batch 28 of 112
Loss: 18.771524667739868 	Accuracy: 19.34%
Batch 29 of 112
Batch 30 of 112
Loss: 19.926792800426483 	Accuracy: 20.78%
Batch 31 of 112
Batch 32 of 112
Loss: 21.10760533809662 	Accuracy: 22.18%
Batch 33 of 112
Batch 34 of 112
Loss: 22.396072030067444 	Accuracy: 23.549999999999997%
Batch 35 of 112
Batch 36 of 112
Loss: 23.527426719665527 	Accuracy: 24.97%
Batch 37 of 112
Batch 38 of 112
Loss: 24.706902891397476 	Accuracy: 26.38%
Batch 39 of 112
Batch 40 of 112
Loss: 26.00719317793846 	Accuracy: 27.73%
Batch 41 of 112
Batch 42 of 112
Loss: 27.280698627233505 	Accuracy: 29.099999999999998%
Batch 43 of 112
Batch 44 of 112
Loss: 28.510869175195694 	Accuracy: 30.48%
Batch 45 of 112
Batch 46 of 112
Loss: 29.656036347150803 	Accuracy: 31.919999999999998%
Batch 47 of 112
Batch 48 of 112
Loss: 30.8595030605793 	Accuracy: 33.29%
Batch 49 of 112
Batch 50 of 112
Loss: 32.12986448407173 	Accuracy: 34.62%
Batch 51 of 112
Batch 52 of 112
Loss: 33.37659618258476 	Accuracy: 36.05%
Batch 53 of 112
Batch 54 of 112
Loss: 34.69534960389137 	Accuracy: 37.419999999999995%
Batch 55 of 112
Batch 56 of 112
Loss: 35.90759959816933 	Accuracy: 38.84%
Batch 57 of 112
Batch 58 of 112
Loss: 37.126506358385086 	Accuracy: 40.28%
Batch 59 of 112
Batch 60 of 112
Loss: 38.300202399492264 	Accuracy: 41.730000000000004%
Batch 61 of 112
Batch 62 of 112
Loss: 39.37154224514961 	Accuracy: 43.169999999999995%
Batch 63 of 112
Batch 64 of 112
Loss: 40.45707181096077 	Accuracy: 44.62%
Batch 65 of 112
Batch 66 of 112
Loss: 41.56643483042717 	Accuracy: 46.050000000000004%
Batch 67 of 112
Batch 68 of 112
Loss: 42.75244256854057 	Accuracy: 47.43%
Batch 69 of 112
Batch 70 of 112
Loss: 43.95576885342598 	Accuracy: 48.79%
Batch 71 of 112
Batch 72 of 112
Loss: 45.129562228918076 	Accuracy: 50.19%
Batch 73 of 112
Batch 74 of 112
Loss: 46.40865811705589 	Accuracy: 51.53%
Batch 75 of 112
Batch 76 of 112
Loss: 47.588816434144974 	Accuracy: 52.92%
Batch 77 of 112
Batch 78 of 112
Loss: 48.641048938035965 	Accuracy: 54.36%
Batch 79 of 112
Batch 80 of 112
Loss: 49.83235767483711 	Accuracy: 55.74%
Batch 81 of 112
Batch 82 of 112
Loss: 51.01655271649361 	Accuracy: 57.120000000000005%
Batch 83 of 112
Batch 84 of 112
Loss: 52.345093101263046 	Accuracy: 58.46%
Batch 85 of 112
Batch 86 of 112
Loss: 53.52196076512337 	Accuracy: 59.89%
Batch 87 of 112
Batch 88 of 112
Loss: 54.656096667051315 	Accuracy: 61.3%
Batch 89 of 112
Batch 90 of 112
Loss: 55.746723383665085 	Accuracy: 62.73%
Batch 91 of 112
Batch 92 of 112
Loss: 56.923076182603836 	Accuracy: 64.11%
Batch 93 of 112
Batch 94 of 112
Loss: 57.98194667696953 	Accuracy: 65.56%
Batch 95 of 112
Batch 96 of 112
Loss: 59.0488238632679 	Accuracy: 67.03%
Batch 97 of 112
Batch 98 of 112
Loss: 60.12250003218651 	Accuracy: 68.47%
Batch 99 of 112
Batch 100 of 112
Loss: 61.290054589509964 	Accuracy: 69.85%
Batch 101 of 112
Batch 102 of 112
Loss: 62.333561450242996 	Accuracy: 71.31%
Batch 103 of 112
Batch 104 of 112
Loss: 63.396029472351074 	Accuracy: 72.77%
Batch 105 of 112
Batch 106 of 112
Loss: 64.47032982110977 	Accuracy: 74.21%
Batch 107 of 112
Batch 108 of 112
Loss: 65.57898187637329 	Accuracy: 75.64%
Batch 109 of 112
Batch 110 of 112
Loss: 66.77463573217392 	Accuracy: 77.03%
Batch 111 of 112
Batch 112 of 112
Loss: 67.88949543237686 	Accuracy: 78.44%
Epoch 2 loss: 0.6061562092176506 	Epoch acc: 0.7844096086919313
Epoch 3 of 3
Batch 1 of 112
Batch 2 of 112
Loss: 1.0941717028617859 	Accuracy: 1.43%
Batch 3 of 112
Batch 4 of 112
Loss: 2.233717918395996 	Accuracy: 2.86%
Batch 5 of 112
Batch 6 of 112
Loss: 3.4173758029937744 	Accuracy: 4.25%
Batch 7 of 112
Batch 8 of 112
Loss: 4.6435935497283936 	Accuracy: 5.62%
Batch 9 of 112
Batch 10 of 112
Loss: 5.695787608623505 	Accuracy: 7.049999999999999%
Batch 11 of 112
Batch 12 of 112
Loss: 6.7508827447891235 	Accuracy: 8.5%
Batch 13 of 112
Batch 14 of 112
Loss: 7.787701636552811 	Accuracy: 9.94%
Batch 15 of 112
Batch 16 of 112
Loss: 8.891747504472733 	Accuracy: 11.379999999999999%
Batch 17 of 112
Batch 18 of 112
Loss: 10.010979264974594 	Accuracy: 12.790000000000001%
Batch 19 of 112
Batch 20 of 112
Loss: 11.070922881364822 	Accuracy: 14.249999999999998%
Batch 21 of 112
Batch 22 of 112
Loss: 12.186600238084793 	Accuracy: 15.65%
Batch 23 of 112
Batch 24 of 112
Loss: 13.28768664598465 	Accuracy: 17.09%
Batch 25 of 112
Batch 26 of 112
Loss: 14.363934338092804 	Accuracy: 18.529999999999998%
Batch 27 of 112
Batch 28 of 112
Loss: 15.45632666349411 	Accuracy: 19.96%
Batch 29 of 112
Batch 30 of 112
Loss: 16.492350310087204 	Accuracy: 21.41%
Batch 31 of 112
Batch 32 of 112
Loss: 17.588267236948013 	Accuracy: 22.86%
Batch 33 of 112
Batch 34 of 112
Loss: 18.48142296075821 	Accuracy: 24.39%
Batch 35 of 112
Batch 36 of 112
Loss: 19.767351925373077 	Accuracy: 25.8%
Batch 37 of 112
Batch 38 of 112
Loss: 20.821133852005005 	Accuracy: 27.250000000000004%
Batch 39 of 112
Batch 40 of 112
Loss: 21.960001587867737 	Accuracy: 28.62%
Batch 41 of 112
Batch 42 of 112
Loss: 23.01358112692833 	Accuracy: 30.06%
Batch 43 of 112
Batch 44 of 112
Loss: 24.1671521961689 	Accuracy: 31.5%
Batch 45 of 112
Batch 46 of 112
Loss: 25.115510940551758 	Accuracy: 33.0%
Batch 47 of 112
Batch 48 of 112
Loss: 26.349102556705475 	Accuracy: 34.410000000000004%
Batch 49 of 112
Batch 50 of 112
Loss: 27.44039934873581 	Accuracy: 35.85%
Batch 51 of 112
Batch 52 of 112
Loss: 28.53643971681595 	Accuracy: 37.28%
Batch 53 of 112
Batch 54 of 112
Loss: 29.579168617725372 	Accuracy: 38.73%
Batch 55 of 112
Batch 56 of 112
Loss: 30.664768397808075 	Accuracy: 40.160000000000004%
Batch 57 of 112
Batch 58 of 112
Loss: 31.622384935617447 	Accuracy: 41.64%
Batch 59 of 112
Batch 60 of 112
Loss: 32.72372868657112 	Accuracy: 43.05%
Batch 61 of 112
Batch 62 of 112
Loss: 33.791658848524094 	Accuracy: 44.5%
Batch 63 of 112
Batch 64 of 112
Loss: 34.95058450102806 	Accuracy: 45.910000000000004%
Batch 65 of 112
Batch 66 of 112
Loss: 36.048752427101135 	Accuracy: 47.33%
Batch 67 of 112
Batch 68 of 112
Loss: 37.111674308776855 	Accuracy: 48.79%
Batch 69 of 112
Batch 70 of 112
Loss: 38.18128019571304 	Accuracy: 50.22%
Batch 71 of 112
Batch 72 of 112
Loss: 39.23650598526001 	Accuracy: 51.66%
Batch 73 of 112
Batch 74 of 112
Loss: 40.30566722154617 	Accuracy: 53.080000000000005%
Batch 75 of 112
Batch 76 of 112
Loss: 41.36827164888382 	Accuracy: 54.50000000000001%
Batch 77 of 112
Batch 78 of 112
Loss: 42.2448336482048 	Accuracy: 55.97%
Batch 79 of 112
Batch 80 of 112
Loss: 43.10774365067482 	Accuracy: 57.47%
Batch 81 of 112
Batch 82 of 112
Loss: 44.01503840088844 	Accuracy: 58.95%
Batch 83 of 112
Batch 84 of 112
Loss: 44.999319702386856 	Accuracy: 60.41%
Batch 85 of 112
Batch 86 of 112
Loss: 46.03553780913353 	Accuracy: 61.8%
Batch 87 of 112
Batch 88 of 112
Loss: 46.89393758773804 	Accuracy: 63.3%
Batch 89 of 112
Batch 90 of 112
Loss: 47.96583753824234 	Accuracy: 64.75999999999999%
Batch 91 of 112
Batch 92 of 112
Loss: 49.08027762174606 	Accuracy: 66.18%
Batch 93 of 112
Batch 94 of 112
Loss: 50.14190739393234 	Accuracy: 67.58999999999999%
Batch 95 of 112
Batch 96 of 112
Loss: 51.37786889076233 	Accuracy: 68.96%
Batch 97 of 112
Batch 98 of 112
Loss: 52.46255826950073 	Accuracy: 70.41%
Batch 99 of 112
Batch 100 of 112
Loss: 53.60721296072006 	Accuracy: 71.82%
Batch 101 of 112
Batch 102 of 112
Loss: 54.649530589580536 	Accuracy: 73.28%
Batch 103 of 112
Batch 104 of 112
Loss: 55.654035210609436 	Accuracy: 74.72999999999999%
Batch 105 of 112
Batch 106 of 112
Loss: 56.75056982040405 	Accuracy: 76.11%
Batch 107 of 112
Batch 108 of 112
Loss: 57.795857667922974 	Accuracy: 77.57%
Batch 109 of 112
Batch 110 of 112
Loss: 58.950030505657196 	Accuracy: 78.99000000000001%
Batch 111 of 112
Batch 112 of 112
Loss: 59.9379076063633 	Accuracy: 80.51%
Epoch 3 loss: 0.5351598893425294 	Epoch acc: 0.8051337743444106


signal only works in main thread
Initializing training
Training on cuda
Epoch 1 of 3
Batch 1 of 112
Batch 2 of 112
Loss: 2.2322816848754883 	Accuracy: 0.59%
Batch 3 of 112
Batch 4 of 112
Loss: 3.722827911376953 	Accuracy: 2.01%
Batch 5 of 112
Batch 6 of 112
Loss: 5.095046699047089 	Accuracy: 3.44%
Batch 7 of 112
Batch 8 of 112
Loss: 6.568575739860535 	Accuracy: 4.88%
Batch 9 of 112
Batch 10 of 112
Loss: 8.552410006523132 	Accuracy: 6.23%
Batch 11 of 112
Batch 12 of 112
Loss: 10.247646391391754 	Accuracy: 7.61%
Batch 13 of 112
Batch 14 of 112
Loss: 11.672776520252228 	Accuracy: 9.030000000000001%
Batch 15 of 112
Batch 16 of 112
Loss: 13.13198697566986 	Accuracy: 10.45%
Batch 17 of 112
Batch 18 of 112
Loss: 14.514467537403107 	Accuracy: 11.88%
Batch 19 of 112
Batch 20 of 112
Loss: 15.853076159954071 	Accuracy: 13.29%
Batch 21 of 112
Batch 22 of 112
Loss: 17.243822157382965 	Accuracy: 14.69%
Batch 23 of 112
Batch 24 of 112
Loss: 18.575518310070038 	Accuracy: 16.11%
Batch 25 of 112
Batch 26 of 112
Loss: 20.018936216831207 	Accuracy: 17.51%
Batch 27 of 112
Batch 28 of 112
Loss: 21.48439860343933 	Accuracy: 18.89%
Batch 29 of 112
Batch 30 of 112
Loss: 22.813166439533234 	Accuracy: 20.3%
Batch 31 of 112
Batch 32 of 112
Loss: 24.19429486989975 	Accuracy: 21.7%
Batch 33 of 112
Batch 34 of 112
Loss: 25.519696056842804 	Accuracy: 23.13%
Batch 35 of 112
Batch 36 of 112
Loss: 26.771515488624573 	Accuracy: 24.58%
Batch 37 of 112
Batch 38 of 112
Loss: 28.059597969055176 	Accuracy: 26.009999999999998%
Batch 39 of 112
Batch 40 of 112
Loss: 29.447382271289825 	Accuracy: 27.400000000000002%
Batch 41 of 112
Batch 42 of 112
Loss: 30.775344014167786 	Accuracy: 28.83%
Batch 43 of 112
Batch 44 of 112
Loss: 32.1554388999939 	Accuracy: 30.23%
Batch 45 of 112
Batch 46 of 112
Loss: 33.63166701793671 	Accuracy: 31.580000000000002%
Batch 47 of 112
Batch 48 of 112
Loss: 34.792579770088196 	Accuracy: 33.07%
Batch 49 of 112
Batch 50 of 112
Loss: 36.10178828239441 	Accuracy: 34.48%
Batch 51 of 112
Batch 52 of 112
Loss: 37.496832966804504 	Accuracy: 35.86%
Batch 53 of 112
Batch 54 of 112
Loss: 38.92062222957611 	Accuracy: 37.230000000000004%
Batch 55 of 112
Batch 56 of 112
Loss: 40.14815151691437 	Accuracy: 38.68%
Batch 57 of 112
Batch 58 of 112
Loss: 41.48387676477432 	Accuracy: 40.08%
Batch 59 of 112
Batch 60 of 112
Loss: 42.85377550125122 	Accuracy: 41.47%
Batch 61 of 112
Batch 62 of 112
Loss: 44.062892496585846 	Accuracy: 42.92%
Batch 63 of 112
Batch 64 of 112
Loss: 45.45035773515701 	Accuracy: 44.3%
Batch 65 of 112
Batch 66 of 112
Loss: 46.67374902963638 	Accuracy: 45.76%
Batch 67 of 112
Batch 68 of 112
Loss: 47.93196451663971 	Accuracy: 47.18%
Batch 69 of 112
Batch 70 of 112
Loss: 49.295346796512604 	Accuracy: 48.559999999999995%
Batch 71 of 112
Batch 72 of 112
Loss: 50.60166543722153 	Accuracy: 49.97%
Batch 73 of 112
Batch 74 of 112
Loss: 51.816935896873474 	Accuracy: 51.43%
Batch 75 of 112
Batch 76 of 112
Loss: 53.12173253297806 	Accuracy: 52.83%
Batch 77 of 112
Batch 78 of 112
Loss: 54.49133878946304 	Accuracy: 54.2%
Batch 79 of 112
Batch 80 of 112
Loss: 55.75212091207504 	Accuracy: 55.63%
Batch 81 of 112
Batch 82 of 112
Loss: 57.09825497865677 	Accuracy: 57.010000000000005%
Batch 83 of 112
Batch 84 of 112
Loss: 58.36292761564255 	Accuracy: 58.440000000000005%
Batch 85 of 112
Batch 86 of 112
Loss: 59.70548892021179 	Accuracy: 59.830000000000005%
Batch 87 of 112
Batch 88 of 112
Loss: 60.91488420963287 	Accuracy: 61.28%
Batch 89 of 112
Batch 90 of 112
Loss: 62.20689195394516 	Accuracy: 62.69%
Batch 91 of 112
Batch 92 of 112
Loss: 63.51071512699127 	Accuracy: 64.09%
Batch 93 of 112
Batch 94 of 112
Loss: 64.85113549232483 	Accuracy: 65.47%
Batch 95 of 112
Batch 96 of 112
Loss: 66.05679100751877 	Accuracy: 66.9%
Batch 97 of 112
Batch 98 of 112
Loss: 67.31533926725388 	Accuracy: 68.32000000000001%
Batch 99 of 112
Batch 100 of 112
Loss: 68.5233194231987 	Accuracy: 69.75%
Batch 101 of 112
Batch 102 of 112
Loss: 69.86520528793335 	Accuracy: 71.13000000000001%
Batch 103 of 112
Batch 104 of 112
Loss: 71.19659012556076 	Accuracy: 72.5%
Batch 105 of 112
Batch 106 of 112
Loss: 72.29211747646332 	Accuracy: 73.98%
Batch 107 of 112
Batch 108 of 112
Loss: 73.65329486131668 	Accuracy: 75.35%
Batch 109 of 112
Batch 110 of 112
Loss: 74.97282493114471 	Accuracy: 76.71%
Batch 111 of 112
Batch 112 of 112
Loss: 76.2455502152443 	Accuracy: 78.10000000000001%
Epoch 1 loss: 0.6807638412075383 	Epoch acc: 0.7809931961819538
Epoch 2 of 3
Batch 1 of 112
Batch 2 of 112
Loss: 1.1393016576766968 	Accuracy: 1.4500000000000002%
Batch 3 of 112
Batch 4 of 112
Loss: 2.4686331152915955 	Accuracy: 2.8000000000000003%
Batch 5 of 112
Batch 6 of 112
Loss: 3.6510314345359802 	Accuracy: 4.22%
Batch 7 of 112
Batch 8 of 112
Loss: 4.924859702587128 	Accuracy: 5.6000000000000005%
Batch 9 of 112
Batch 10 of 112
Loss: 6.216664135456085 	Accuracy: 6.99%
Batch 11 of 112
Batch 12 of 112
Loss: 7.5297956466674805 	Accuracy: 8.34%
Batch 13 of 112
Batch 14 of 112
Loss: 8.751058638095856 	Accuracy: 9.73%
Batch 15 of 112
Batch 16 of 112
Loss: 9.815817415714264 	Accuracy: 11.200000000000001%
Batch 17 of 112
Batch 18 of 112
Loss: 10.897367000579834 	Accuracy: 12.659999999999998%
Batch 19 of 112
Batch 20 of 112
Loss: 12.159783899784088 	Accuracy: 14.05%
Batch 21 of 112
Batch 22 of 112
Loss: 13.25436782836914 	Accuracy: 15.479999999999999%
Batch 23 of 112
Batch 24 of 112
Loss: 14.376787006855011 	Accuracy: 16.900000000000002%
Batch 25 of 112
Batch 26 of 112
Loss: 15.5393847823143 	Accuracy: 18.3%
Batch 27 of 112
Batch 28 of 112
Loss: 16.806815803050995 	Accuracy: 19.650000000000002%
Batch 29 of 112
Batch 30 of 112
Loss: 18.025613486766815 	Accuracy: 21.02%
Batch 31 of 112
Batch 32 of 112
Loss: 19.138801157474518 	Accuracy: 22.43%
Batch 33 of 112
Batch 34 of 112
Loss: 20.332863807678223 	Accuracy: 23.82%
Batch 35 of 112
Batch 36 of 112
Loss: 21.451698899269104 	Accuracy: 25.290000000000003%
Batch 37 of 112
Batch 38 of 112
Loss: 22.551135778427124 	Accuracy: 26.700000000000003%
Batch 39 of 112
Batch 40 of 112
Loss: 23.703002512454987 	Accuracy: 28.12%
Batch 41 of 112
Batch 42 of 112
Loss: 24.95944595336914 	Accuracy: 29.48%
Batch 43 of 112
Batch 44 of 112
Loss: 26.05515417456627 	Accuracy: 30.91%
Batch 45 of 112
Batch 46 of 112
Loss: 27.11368289589882 	Accuracy: 32.37%
Batch 47 of 112
Batch 48 of 112
Loss: 28.323711425065994 	Accuracy: 33.77%
Batch 49 of 112
Batch 50 of 112
Loss: 29.513003021478653 	Accuracy: 35.18%
Batch 51 of 112
Batch 52 of 112
Loss: 30.634364515542984 	Accuracy: 36.61%
Batch 53 of 112
Batch 54 of 112
Loss: 31.77213642001152 	Accuracy: 38.04%
Batch 55 of 112
Batch 56 of 112
Loss: 32.885124891996384 	Accuracy: 39.48%
Batch 57 of 112
Batch 58 of 112
Loss: 34.03204098343849 	Accuracy: 40.86%
Batch 59 of 112
Batch 60 of 112
Loss: 35.15362945199013 	Accuracy: 42.28%
Batch 61 of 112
Batch 62 of 112
Loss: 36.17000377178192 	Accuracy: 43.75%
Batch 63 of 112
Batch 64 of 112
Loss: 37.27307677268982 	Accuracy: 45.16%
Batch 65 of 112
Batch 66 of 112
Loss: 38.38460463285446 	Accuracy: 46.589999999999996%
Batch 67 of 112
Batch 68 of 112
Loss: 39.4644892513752 	Accuracy: 48.03%
Batch 69 of 112
Batch 70 of 112
Loss: 40.50740548968315 	Accuracy: 49.49%
Batch 71 of 112
Batch 72 of 112
Loss: 41.6385700404644 	Accuracy: 50.88%
Batch 73 of 112
Batch 74 of 112
Loss: 42.81017515063286 	Accuracy: 52.26%
Batch 75 of 112
Batch 76 of 112
Loss: 43.961938709020615 	Accuracy: 53.66%
Batch 77 of 112
Batch 78 of 112
Loss: 45.09928032755852 	Accuracy: 55.05%
Batch 79 of 112
Batch 80 of 112
Loss: 46.15812936425209 	Accuracy: 56.489999999999995%
Batch 81 of 112
Batch 82 of 112
Loss: 47.199845999479294 	Accuracy: 57.96%
Batch 83 of 112
Batch 84 of 112
Loss: 48.326477736234665 	Accuracy: 59.38%
Batch 85 of 112
Batch 86 of 112
Loss: 49.44709226489067 	Accuracy: 60.809999999999995%
Batch 87 of 112
Batch 88 of 112
Loss: 50.644866317510605 	Accuracy: 62.19%
Batch 89 of 112
Batch 90 of 112
Loss: 51.716812163591385 	Accuracy: 63.62%
Batch 91 of 112
Batch 92 of 112
Loss: 52.79645016789436 	Accuracy: 65.03%
Batch 93 of 112
Batch 94 of 112
Loss: 53.911792546510696 	Accuracy: 66.44%
Batch 95 of 112
Batch 96 of 112
Loss: 55.05724570155144 	Accuracy: 67.85%
Batch 97 of 112
Batch 98 of 112
Loss: 56.33759680390358 	Accuracy: 69.19%
Batch 99 of 112
Batch 100 of 112
Loss: 57.43734046816826 	Accuracy: 70.61%
Batch 101 of 112
Batch 102 of 112
Loss: 58.67706176638603 	Accuracy: 71.98%
Batch 103 of 112
Batch 104 of 112
Loss: 59.66203483939171 	Accuracy: 73.46000000000001%
Batch 105 of 112
Batch 106 of 112
Loss: 60.71471181511879 	Accuracy: 74.88%
Batch 107 of 112
Batch 108 of 112
Loss: 61.72023457288742 	Accuracy: 76.31%
Batch 109 of 112
Batch 110 of 112
Loss: 62.868105590343475 	Accuracy: 77.7%
Batch 111 of 112
Batch 112 of 112
Loss: 64.05145514011383 	Accuracy: 79.12%
Epoch 2 loss: 0.5718879923224449 	Epoch acc: 0.7911839261651044
Epoch 3 of 3
Batch 1 of 112
Batch 2 of 112
Loss: 1.1075882315635681 	Accuracy: 1.43%
Batch 3 of 112
Batch 4 of 112
Loss: 2.1171363592147827 	Accuracy: 2.86%
Batch 5 of 112
Batch 6 of 112
Loss: 3.1874606013298035 	Accuracy: 4.279999999999999%
Batch 7 of 112
Batch 8 of 112
Loss: 4.281949907541275 	Accuracy: 5.6899999999999995%
Batch 9 of 112
Batch 10 of 112
Loss: 5.361473083496094 	Accuracy: 7.13%
Batch 11 of 112
Batch 12 of 112
Loss: 6.473834574222565 	Accuracy: 8.55%
Batch 13 of 112
Batch 14 of 112
Loss: 7.5350920259952545 	Accuracy: 9.959999999999999%
Batch 15 of 112
Batch 16 of 112
Loss: 8.648386180400848 	Accuracy: 11.379999999999999%
Batch 17 of 112
Batch 18 of 112
Loss: 9.761723637580872 	Accuracy: 12.809999999999999%
Batch 19 of 112
Batch 20 of 112
Loss: 10.89440268278122 	Accuracy: 14.2%
Batch 21 of 112
Batch 22 of 112
Loss: 11.965119481086731 	Accuracy: 15.65%
Batch 23 of 112
Batch 24 of 112
Loss: 13.040019392967224 	Accuracy: 17.06%
Batch 25 of 112
Batch 26 of 112
Loss: 14.108047842979431 	Accuracy: 18.509999999999998%
Batch 27 of 112
Batch 28 of 112
Loss: 15.134335726499557 	Accuracy: 19.93%
Batch 29 of 112
Batch 30 of 112
Loss: 16.36924919486046 	Accuracy: 21.33%
Batch 31 of 112
Batch 32 of 112
Loss: 17.462797969579697 	Accuracy: 22.74%
Batch 33 of 112
Batch 34 of 112
Loss: 18.59085002541542 	Accuracy: 24.16%
Batch 35 of 112
Batch 36 of 112
Loss: 19.745841830968857 	Accuracy: 25.569999999999997%
Batch 37 of 112
Batch 38 of 112
Loss: 20.764894396066666 	Accuracy: 27.029999999999998%
Batch 39 of 112
Batch 40 of 112
Loss: 21.78804013133049 	Accuracy: 28.48%
Batch 41 of 112
Batch 42 of 112
Loss: 22.909779220819473 	Accuracy: 29.909999999999997%
Batch 43 of 112
Batch 44 of 112
Loss: 24.046215921640396 	Accuracy: 31.31%
Batch 45 of 112
Batch 46 of 112
Loss: 25.079687148332596 	Accuracy: 32.76%
Batch 47 of 112
Batch 48 of 112
Loss: 26.177157014608383 	Accuracy: 34.17%
Batch 49 of 112
Batch 50 of 112
Loss: 27.177017897367477 	Accuracy: 35.63%
Batch 51 of 112
Batch 52 of 112
Loss: 28.171701341867447 	Accuracy: 37.059999999999995%
Batch 53 of 112
Batch 54 of 112
Loss: 29.21270063519478 	Accuracy: 38.519999999999996%
Batch 55 of 112
Batch 56 of 112
Loss: 30.317076355218887 	Accuracy: 39.96%
Batch 57 of 112
Batch 58 of 112
Loss: 31.29017609357834 	Accuracy: 41.410000000000004%
Batch 59 of 112
Batch 60 of 112
Loss: 32.3188710808754 	Accuracy: 42.82%
Batch 61 of 112
Batch 62 of 112
Loss: 33.46638584136963 	Accuracy: 44.22%
Batch 63 of 112
Batch 64 of 112
Loss: 34.54098781943321 	Accuracy: 45.65%
Batch 65 of 112
Batch 66 of 112
Loss: 35.61234959959984 	Accuracy: 47.06%
Batch 67 of 112
Batch 68 of 112
Loss: 36.722708970308304 	Accuracy: 48.46%
Batch 69 of 112
Batch 70 of 112
Loss: 37.63927757740021 	Accuracy: 49.95%
Batch 71 of 112
Batch 72 of 112
Loss: 38.62826371192932 	Accuracy: 51.41%
Batch 73 of 112
Batch 74 of 112
Loss: 39.67080682516098 	Accuracy: 52.839999999999996%
Batch 75 of 112
Batch 76 of 112
Loss: 40.70778498053551 	Accuracy: 54.279999999999994%
Batch 77 of 112
Batch 78 of 112
Loss: 41.706758946180344 	Accuracy: 55.720000000000006%
Batch 79 of 112
Batch 80 of 112
Loss: 42.74192839860916 	Accuracy: 57.17%
Batch 81 of 112
Batch 82 of 112
Loss: 43.7874336540699 	Accuracy: 58.60999999999999%
Batch 83 of 112
Batch 84 of 112
Loss: 44.75206905603409 	Accuracy: 60.06%
Batch 85 of 112
Batch 86 of 112
Loss: 45.875148713588715 	Accuracy: 61.47%
Batch 87 of 112
Batch 88 of 112
Loss: 46.92838400602341 	Accuracy: 62.9%
Batch 89 of 112
Batch 90 of 112
Loss: 48.01073005795479 	Accuracy: 64.33%
Batch 91 of 112
Batch 92 of 112
Loss: 49.14627429842949 	Accuracy: 65.75%
Batch 93 of 112
Batch 94 of 112
Loss: 50.15940523147583 	Accuracy: 67.21000000000001%
Batch 95 of 112
Batch 96 of 112
Loss: 51.32603579759598 	Accuracy: 68.61%
Batch 97 of 112
Batch 98 of 112
Loss: 52.35850924253464 	Accuracy: 70.08%
Batch 99 of 112
Batch 100 of 112
Loss: 53.377768844366074 	Accuracy: 71.53%
Batch 101 of 112
Batch 102 of 112
Loss: 54.54751154780388 	Accuracy: 72.94%
Batch 103 of 112
Batch 104 of 112
Loss: 55.61677870154381 	Accuracy: 74.36%
Batch 105 of 112
Batch 106 of 112
Loss: 56.67862445116043 	Accuracy: 75.81%
Batch 107 of 112
Batch 108 of 112
Loss: 57.79651856422424 	Accuracy: 77.21000000000001%
Batch 109 of 112
Batch 110 of 112
Loss: 58.72967192530632 	Accuracy: 78.71000000000001%
Batch 111 of 112
Batch 112 of 112
Loss: 59.74936246871948 	Accuracy: 80.17999999999999%
Epoch 3 loss: 0.5334764506135669 	Epoch acc: 0.801837426743338


signal only works in main thread
Initializing training
Training on cuda
Epoch 1 of 3
Batch 1 of 112
Batch 2 of 112
Loss: 1.912206768989563 	Accuracy: 0.8500000000000001%
Batch 3 of 112
Batch 4 of 112
Loss: 3.375422239303589 	Accuracy: 2.2399999999999998%
Batch 5 of 112
Batch 6 of 112
Loss: 4.969548285007477 	Accuracy: 3.6700000000000004%
Batch 7 of 112
Batch 8 of 112
Loss: 6.793786585330963 	Accuracy: 5.050000000000001%
Batch 9 of 112
Batch 10 of 112
Loss: 10.740910351276398 	Accuracy: 5.94%
Batch 11 of 112
Batch 12 of 112
Loss: 12.111174285411835 	Accuracy: 7.35%
Batch 13 of 112
Batch 14 of 112
Loss: 13.57300055027008 	Accuracy: 8.74%
Batch 15 of 112
Batch 16 of 112
Loss: 14.916477501392365 	Accuracy: 10.17%
Batch 17 of 112
Batch 18 of 112
Loss: 16.366021513938904 	Accuracy: 11.55%
Batch 19 of 112
Batch 20 of 112
Loss: 17.66432559490204 	Accuracy: 12.97%
Batch 21 of 112
Batch 22 of 112
Loss: 19.207475781440735 	Accuracy: 14.330000000000002%
Batch 23 of 112
Batch 24 of 112
Loss: 20.4792423248291 	Accuracy: 15.770000000000001%
Batch 25 of 112
Batch 26 of 112
Loss: 21.75028133392334 	Accuracy: 17.21%
Batch 27 of 112
Batch 28 of 112
Loss: 23.195444107055664 	Accuracy: 18.59%
Batch 29 of 112
Batch 30 of 112
Loss: 24.553808867931366 	Accuracy: 20.0%
Batch 31 of 112
Batch 32 of 112
Loss: 25.870469748973846 	Accuracy: 21.43%
Batch 33 of 112
Batch 34 of 112
Loss: 27.320488333702087 	Accuracy: 22.81%
Batch 35 of 112
Batch 36 of 112
Loss: 28.575386941432953 	Accuracy: 24.279999999999998%
Batch 37 of 112
Batch 38 of 112
Loss: 29.884644329547882 	Accuracy: 25.729999999999997%
Batch 39 of 112
Batch 40 of 112
Loss: 31.435748636722565 	Accuracy: 27.08%
Batch 41 of 112
Batch 42 of 112
Loss: 32.92911672592163 	Accuracy: 28.449999999999996%
Batch 43 of 112
Batch 44 of 112
Loss: 34.20961254835129 	Accuracy: 29.880000000000003%
Batch 45 of 112
Batch 46 of 112
Loss: 35.60249274969101 	Accuracy: 31.3%
Batch 47 of 112
Batch 48 of 112
Loss: 37.12669217586517 	Accuracy: 32.68%
Batch 49 of 112
Batch 50 of 112
Loss: 38.579202592372894 	Accuracy: 34.06%
Batch 51 of 112
Batch 52 of 112
Loss: 39.886066198349 	Accuracy: 35.510000000000005%
Batch 53 of 112
Batch 54 of 112
Loss: 41.35661917924881 	Accuracy: 36.89%
Batch 55 of 112
Batch 56 of 112
Loss: 42.80562502145767 	Accuracy: 38.279999999999994%
Batch 57 of 112
Batch 58 of 112
Loss: 44.10214054584503 	Accuracy: 39.72%
Batch 59 of 112
Batch 60 of 112
Loss: 45.48831933736801 	Accuracy: 41.120000000000005%
Batch 61 of 112
Batch 62 of 112
Loss: 46.705300986766815 	Accuracy: 42.59%
Batch 63 of 112
Batch 64 of 112
Loss: 48.147103011608124 	Accuracy: 43.96%
Batch 65 of 112
Batch 66 of 112
Loss: 49.61653620004654 	Accuracy: 45.32%
Batch 67 of 112
Batch 68 of 112
Loss: 50.947979152202606 	Accuracy: 46.75%
Batch 69 of 112
Batch 70 of 112
Loss: 52.282202064991 	Accuracy: 48.18%
Batch 71 of 112
Batch 72 of 112
Loss: 53.517493546009064 	Accuracy: 49.65%
Batch 73 of 112
Batch 74 of 112
Loss: 54.861768901348114 	Accuracy: 51.06%
Batch 75 of 112
Batch 76 of 112
Loss: 56.296811163425446 	Accuracy: 52.44%
Batch 77 of 112
Batch 78 of 112
Loss: 57.65524733066559 	Accuracy: 53.849999999999994%
Batch 79 of 112
Batch 80 of 112
Loss: 59.05159944295883 	Accuracy: 55.25%
Batch 81 of 112
Batch 82 of 112
Loss: 60.35182595252991 	Accuracy: 56.68%
Batch 83 of 112
Batch 84 of 112
Loss: 61.65802991390228 	Accuracy: 58.13%
Batch 85 of 112
Batch 86 of 112
Loss: 62.86932587623596 	Accuracy: 59.589999999999996%
Batch 87 of 112
Batch 88 of 112
Loss: 64.32210099697113 	Accuracy: 60.99%
Batch 89 of 112
Batch 90 of 112
Loss: 65.77056407928467 	Accuracy: 62.38%
Batch 91 of 112
Batch 92 of 112
Loss: 67.23535537719727 	Accuracy: 63.75999999999999%
Batch 93 of 112
Batch 94 of 112
Loss: 68.72456634044647 	Accuracy: 65.14999999999999%
Batch 95 of 112
Batch 96 of 112
Loss: 70.06049811840057 	Accuracy: 66.57%
Batch 97 of 112
Batch 98 of 112
Loss: 71.54141265153885 	Accuracy: 67.93%
Batch 99 of 112
Batch 100 of 112
Loss: 73.04062747955322 	Accuracy: 69.28999999999999%
Batch 101 of 112
Batch 102 of 112
Loss: 74.40359854698181 	Accuracy: 70.7%
Batch 103 of 112
Batch 104 of 112
Loss: 75.83940625190735 	Accuracy: 72.08%
Batch 105 of 112
Batch 106 of 112
Loss: 77.1536357998848 	Accuracy: 73.50999999999999%
Batch 107 of 112
Batch 108 of 112
Loss: 78.5243890285492 	Accuracy: 74.92%
Batch 109 of 112
Batch 110 of 112
Loss: 79.8304398059845 	Accuracy: 76.36%
Batch 111 of 112
Batch 112 of 112
Loss: 81.2829167842865 	Accuracy: 77.74%
Epoch 1 loss: 0.7257403284311295 	Epoch acc: 0.7774103659072099
Epoch 2 of 3
Batch 1 of 112
Batch 2 of 112
Loss: 1.4032095074653625 	Accuracy: 1.4000000000000001%
Batch 3 of 112
Batch 4 of 112
Loss: 2.7251163721084595 	Accuracy: 2.82%
Batch 5 of 112
Batch 6 of 112
Loss: 3.9576653242111206 	Accuracy: 4.279999999999999%
Batch 7 of 112
Batch 8 of 112
Loss: 5.356479287147522 	Accuracy: 5.680000000000001%
Batch 9 of 112
Batch 10 of 112
Loss: 6.5957319140434265 	Accuracy: 7.13%
Batch 11 of 112
Batch 12 of 112
Loss: 7.973599135875702 	Accuracy: 8.53%
Batch 13 of 112
Batch 14 of 112
Loss: 9.385936737060547 	Accuracy: 9.93%
Batch 15 of 112
Batch 16 of 112
Loss: 10.54992288351059 	Accuracy: 11.41%
Batch 17 of 112
Batch 18 of 112
Loss: 11.940604329109192 	Accuracy: 12.83%
Batch 19 of 112
Batch 20 of 112
Loss: 13.265924870967865 	Accuracy: 14.249999999999998%
Batch 21 of 112
Batch 22 of 112
Loss: 14.619673192501068 	Accuracy: 15.659999999999998%
Batch 23 of 112
Batch 24 of 112
Loss: 15.933585941791534 	Accuracy: 17.09%
Batch 25 of 112
Batch 26 of 112
Loss: 17.239306449890137 	Accuracy: 18.509999999999998%
Batch 27 of 112
Batch 28 of 112
Loss: 18.580693066120148 	Accuracy: 19.93%
Batch 29 of 112
Batch 30 of 112
Loss: 19.978944420814514 	Accuracy: 21.3%
Batch 31 of 112
Batch 32 of 112
Loss: 21.24922078847885 	Accuracy: 22.74%
Batch 33 of 112
Batch 34 of 112
Loss: 22.585685431957245 	Accuracy: 24.169999999999998%
Batch 35 of 112
Batch 36 of 112
Loss: 24.01384836435318 	Accuracy: 25.56%
Batch 37 of 112
Batch 38 of 112
Loss: 25.4090513586998 	Accuracy: 26.950000000000003%
Batch 39 of 112
Batch 40 of 112
Loss: 26.81595891714096 	Accuracy: 28.34%
Batch 41 of 112
Batch 42 of 112
Loss: 28.235112726688385 	Accuracy: 29.7%
Batch 43 of 112
Batch 44 of 112
Loss: 29.586119055747986 	Accuracy: 31.1%
Batch 45 of 112
Batch 46 of 112
Loss: 30.844469904899597 	Accuracy: 32.56%
Batch 47 of 112
Batch 48 of 112
Loss: 32.141443729400635 	Accuracy: 33.98%
Batch 49 of 112
Batch 50 of 112
Loss: 33.45471841096878 	Accuracy: 35.4%
Batch 51 of 112
Batch 52 of 112
Loss: 34.81581860780716 	Accuracy: 36.8%
Batch 53 of 112
Batch 54 of 112
Loss: 36.04343295097351 	Accuracy: 38.26%
Batch 55 of 112
Batch 56 of 112
Loss: 37.43055737018585 	Accuracy: 39.64%
Batch 57 of 112
Batch 58 of 112
Loss: 38.72262167930603 	Accuracy: 41.06%
Batch 59 of 112
Batch 60 of 112
Loss: 40.15044558048248 	Accuracy: 42.43%
Batch 61 of 112
Batch 62 of 112
Loss: 41.58200031518936 	Accuracy: 43.8%
Batch 63 of 112
Batch 64 of 112
Loss: 42.953296422958374 	Accuracy: 45.190000000000005%
Batch 65 of 112
Batch 66 of 112
Loss: 44.32382893562317 	Accuracy: 46.58%
Batch 67 of 112
Batch 68 of 112
Loss: 45.63840061426163 	Accuracy: 48.0%
Batch 69 of 112
Batch 70 of 112
Loss: 46.843703389167786 	Accuracy: 49.46%
Batch 71 of 112
Batch 72 of 112
Loss: 48.190927147865295 	Accuracy: 50.86000000000001%
Batch 73 of 112
Batch 74 of 112
Loss: 49.520691215991974 	Accuracy: 52.27%
Batch 75 of 112
Batch 76 of 112
Loss: 50.89521688222885 	Accuracy: 53.66%
Batch 77 of 112
Batch 78 of 112
Loss: 52.301873326301575 	Accuracy: 55.04%
Batch 79 of 112
Batch 80 of 112
Loss: 53.5697215795517 	Accuracy: 56.48%
Batch 81 of 112
Batch 82 of 112
Loss: 54.857198894023895 	Accuracy: 57.9%
Batch 83 of 112
Batch 84 of 112
Loss: 56.13141876459122 	Accuracy: 59.330000000000005%
Batch 85 of 112
Batch 86 of 112
Loss: 57.55953902006149 	Accuracy: 60.69%
Batch 87 of 112
Batch 88 of 112
Loss: 58.97791999578476 	Accuracy: 62.06%
Batch 89 of 112
Batch 90 of 112
Loss: 60.46082556247711 	Accuracy: 63.4%
Batch 91 of 112
Batch 92 of 112
Loss: 61.9303412437439 	Accuracy: 64.75999999999999%
Batch 93 of 112
Batch 94 of 112
Loss: 63.302699625492096 	Accuracy: 66.14999999999999%
Batch 95 of 112
Batch 96 of 112
Loss: 64.5567775964737 	Accuracy: 67.60000000000001%
Batch 97 of 112
Batch 98 of 112
Loss: 65.78263539075851 	Accuracy: 69.04%
Batch 99 of 112
Batch 100 of 112
Loss: 66.99988436698914 	Accuracy: 70.5%
Batch 101 of 112
Batch 102 of 112
Loss: 68.29021227359772 	Accuracy: 71.93%
Batch 103 of 112
Batch 104 of 112
Loss: 69.70841872692108 	Accuracy: 73.3%
Batch 105 of 112
Batch 106 of 112
Loss: 71.14776676893234 	Accuracy: 74.66000000000001%
Batch 107 of 112
Batch 108 of 112
Loss: 72.48659271001816 	Accuracy: 76.06%
Batch 109 of 112
Batch 110 of 112
Loss: 73.84211403131485 	Accuracy: 77.46%
Batch 111 of 112
Batch 112 of 112
Loss: 75.0926821231842 	Accuracy: 78.9%
Epoch 2 loss: 0.6704703760998589 	Epoch acc: 0.7890395506152093
Epoch 3 of 3
Batch 1 of 112
Batch 2 of 112
Loss: 1.3462134003639221 	Accuracy: 1.4000000000000001%
Batch 3 of 112
Batch 4 of 112
Loss: 2.615705668926239 	Accuracy: 2.8400000000000003%
Batch 5 of 112
Batch 6 of 112
Loss: 3.9555872678756714 	Accuracy: 4.24%
Batch 7 of 112
Batch 8 of 112
Loss: 5.266043603420258 	Accuracy: 5.66%
Batch 9 of 112
Batch 10 of 112
Loss: 6.5686646699905396 	Accuracy: 7.090000000000001%
Batch 11 of 112
Batch 12 of 112
Loss: 7.901297032833099 	Accuracy: 8.5%
Batch 13 of 112
Batch 14 of 112
Loss: 9.141208469867706 	Accuracy: 9.959999999999999%
Batch 15 of 112
Batch 16 of 112
Loss: 10.44121539592743 	Accuracy: 11.379999999999999%
Batch 17 of 112
Batch 18 of 112
Loss: 11.599806606769562 	Accuracy: 12.85%
Batch 19 of 112
Batch 20 of 112
Loss: 12.868084609508514 	Accuracy: 14.29%
Batch 21 of 112
Batch 22 of 112
Loss: 14.20634388923645 	Accuracy: 15.7%
Batch 23 of 112
Batch 24 of 112
Loss: 15.582813918590546 	Accuracy: 17.09%
Batch 25 of 112
Batch 26 of 112
Loss: 16.900513470172882 	Accuracy: 18.5%
Batch 27 of 112
Batch 28 of 112
Loss: 18.290855824947357 	Accuracy: 19.89%
Batch 29 of 112
Batch 30 of 112
Loss: 19.57597053050995 	Accuracy: 21.32%
Batch 31 of 112
Batch 32 of 112
Loss: 20.772397875785828 	Accuracy: 22.78%
Batch 33 of 112
Batch 34 of 112
Loss: 22.198118269443512 	Accuracy: 24.15%
Batch 35 of 112
Batch 36 of 112
Loss: 23.4923135638237 	Accuracy: 25.580000000000002%
Batch 37 of 112
Batch 38 of 112
Loss: 24.82250052690506 	Accuracy: 26.99%
Batch 39 of 112
Batch 40 of 112
Loss: 26.11833518743515 	Accuracy: 28.410000000000004%
Batch 41 of 112
Batch 42 of 112
Loss: 27.430853188037872 	Accuracy: 29.830000000000002%
Batch 43 of 112
Batch 44 of 112
Loss: 28.70334565639496 	Accuracy: 31.259999999999998%
Batch 45 of 112
Batch 46 of 112
Loss: 30.05631113052368 	Accuracy: 32.65%
Batch 47 of 112
Batch 48 of 112
Loss: 31.4689679145813 	Accuracy: 34.03%
Batch 49 of 112
Batch 50 of 112
Loss: 32.923961997032166 	Accuracy: 35.38%
Batch 51 of 112
Batch 52 of 112
Loss: 34.14297592639923 	Accuracy: 36.84%
Batch 53 of 112
Batch 54 of 112
Loss: 35.608255207538605 	Accuracy: 38.2%
Batch 55 of 112
Batch 56 of 112
Loss: 37.01745140552521 	Accuracy: 39.58%
Batch 57 of 112
Batch 58 of 112
Loss: 38.31081634759903 	Accuracy: 41.0%
Batch 59 of 112
Batch 60 of 112
Loss: 39.62538039684296 	Accuracy: 42.42%
Batch 61 of 112
Batch 62 of 112
Loss: 40.973774552345276 	Accuracy: 43.82%
Batch 63 of 112
Batch 64 of 112
Loss: 42.23345375061035 	Accuracy: 45.26%
Batch 65 of 112
Batch 66 of 112
Loss: 43.589646995067596 	Accuracy: 46.650000000000006%
Batch 67 of 112
Batch 68 of 112
Loss: 44.85991382598877 	Accuracy: 48.089999999999996%
Batch 69 of 112
Batch 70 of 112
Loss: 46.29338485002518 	Accuracy: 49.45%
Batch 71 of 112
Batch 72 of 112
Loss: 47.65801817178726 	Accuracy: 50.849999999999994%
Batch 73 of 112
Batch 74 of 112
Loss: 49.062380492687225 	Accuracy: 52.23%
Batch 75 of 112
Batch 76 of 112
Loss: 50.46328783035278 	Accuracy: 53.61%
Batch 77 of 112
Batch 78 of 112
Loss: 51.70497941970825 	Accuracy: 55.059999999999995%
Batch 79 of 112
Batch 80 of 112
Loss: 52.93165510892868 	Accuracy: 56.52%
Batch 81 of 112
Batch 82 of 112
Loss: 54.16009747982025 	Accuracy: 57.97%
Batch 83 of 112
Batch 84 of 112
Loss: 55.48267263174057 	Accuracy: 59.39%
Batch 85 of 112
Batch 86 of 112
Loss: 56.72933381795883 	Accuracy: 60.84%
Batch 87 of 112
Batch 88 of 112
Loss: 58.070388317108154 	Accuracy: 62.25000000000001%
Batch 89 of 112
Batch 90 of 112
Loss: 59.52273690700531 	Accuracy: 63.6%
Batch 91 of 112
Batch 92 of 112
Loss: 60.84335517883301 	Accuracy: 65.02%
Batch 93 of 112
Batch 94 of 112
Loss: 62.304312229156494 	Accuracy: 66.38%
Batch 95 of 112
Batch 96 of 112
Loss: 63.67081540822983 	Accuracy: 67.77%
Batch 97 of 112
Batch 98 of 112
Loss: 64.98941308259964 	Accuracy: 69.17999999999999%
Batch 99 of 112
Batch 100 of 112
Loss: 66.32019156217575 	Accuracy: 70.59%
Batch 101 of 112
Batch 102 of 112
Loss: 67.68199396133423 	Accuracy: 71.99%
Batch 103 of 112
Batch 104 of 112
Loss: 69.18051451444626 	Accuracy: 73.32%
Batch 105 of 112
Batch 106 of 112
Loss: 70.53146994113922 	Accuracy: 74.72%
Batch 107 of 112
Batch 108 of 112
Loss: 71.81628054380417 	Accuracy: 76.14999999999999%
Batch 109 of 112
Batch 110 of 112
Loss: 73.12133717536926 	Accuracy: 77.57%
Batch 111 of 112
Batch 112 of 112
Loss: 74.59134215116501 	Accuracy: 78.92%
Epoch 3 loss: 0.6659941263496876 	Epoch acc: 0.7891725296420716

